{"contracts/IdleFactory.sol":{"l":{"45":84,"56":84,"57":83,"59":84,"61":84,"62":84,"63":84,"65":84,"72":2},"path":"/home/bugman/Projects/idle-contracts/contracts/IdleFactory.sol","s":{"1":84,"2":84,"3":83,"4":84,"5":84,"6":84,"7":84,"8":84,"9":2},"b":{"1":[83,1]},"f":{"1":84,"2":2},"fnMap":{"1":{"name":"newIdleToken","line":34,"loc":{"start":{"line":34,"column":2},"end":{"line":44,"column":41}}},"2":{"name":"supportedTokens","line":71,"loc":{"start":{"line":71,"column":2},"end":{"line":71,"column":68}}}},"statementMap":{"1":{"start":{"line":45,"column":4},"end":{"line":45,"column":1472}},"2":{"start":{"line":56,"column":4},"end":{"line":56,"column":1707}},"3":{"start":{"line":57,"column":6},"end":{"line":57,"column":33}},"4":{"start":{"line":59,"column":4},"end":{"line":59,"column":56}},"5":{"start":{"line":61,"column":4},"end":{"line":61,"column":42}},"6":{"start":{"line":62,"column":4},"end":{"line":62,"column":34}},"7":{"start":{"line":63,"column":4},"end":{"line":63,"column":29}},"8":{"start":{"line":65,"column":4},"end":{"line":65,"column":29}},"9":{"start":{"line":72,"column":4},"end":{"line":72,"column":26}}},"branchMap":{"1":{"line":56,"type":"if","locations":[{"start":{"line":56,"column":4},"end":{"line":56,"column":4}},{"start":{"line":56,"column":4},"end":{"line":56,"column":4}}]}}},"contracts/IdleRebalancer.sol":{"l":{"41":16,"42":16,"43":16,"44":16,"45":16,"46":16,"56":1,"65":1,"74":1,"83":1,"92":1,"101":1,"120":1,"121":1,"122":1,"123":1,"124":1,"125":1,"126":1,"127":1,"128":1,"129":1,"130":1,"131":1,"134":1,"135":1,"136":1,"137":1,"138":1,"139":1,"140":1,"158":1,"163":1,"174":1,"175":1,"176":1,"177":1,"206":5,"207":5,"210":5,"211":5,"212":5,"215":5,"219":5,"224":1,"225":1,"226":1,"227":1,"230":4},"path":"/home/bugman/Projects/idle-contracts/contracts/IdleRebalancer.sol","s":{"1":16,"2":16,"3":16,"4":16,"5":16,"6":16,"7":1,"8":1,"9":1,"10":1,"11":1,"12":1,"13":1,"14":1,"15":1,"16":1,"17":1,"18":1,"19":1,"20":1,"21":1,"22":1,"23":1,"24":1,"25":1,"26":1,"27":1,"28":1,"29":1,"30":1,"31":1,"32":1,"33":1,"34":1,"35":1,"36":1,"37":1,"38":5,"39":5,"40":5,"41":5,"42":5,"43":5,"44":5,"45":1,"46":1,"47":1,"48":1,"49":4},"b":{"1":[1,4]},"f":{"1":16,"2":1,"3":1,"4":1,"5":1,"6":1,"7":1,"8":1,"9":5},"fnMap":{"1":{"name":"constructor","line":40,"loc":{"start":{"line":40,"column":2},"end":{"line":40,"column":92}}},"2":{"name":"setCToken","line":54,"loc":{"start":{"line":54,"column":2},"end":{"line":55,"column":24}}},"3":{"name":"setIToken","line":63,"loc":{"start":{"line":63,"column":2},"end":{"line":64,"column":24}}},"4":{"name":"setCTokenWrapper","line":72,"loc":{"start":{"line":72,"column":2},"end":{"line":73,"column":24}}},"5":{"name":"setITokenWrapper","line":81,"loc":{"start":{"line":81,"column":2},"end":{"line":82,"column":24}}},"6":{"name":"setMaxIterations","line":90,"loc":{"start":{"line":90,"column":2},"end":{"line":91,"column":24}}},"7":{"name":"setMaxRateDifference","line":99,"loc":{"start":{"line":99,"column":2},"end":{"line":100,"column":24}}},"8":{"name":"calcRebalanceAmounts","line":115,"loc":{"start":{"line":115,"column":2},"end":{"line":118,"column":3}}},"9":{"name":"bisectionRec","line":196,"loc":{"start":{"line":196,"column":2},"end":{"line":203,"column":40}}}},"statementMap":{"1":{"start":{"line":41,"column":4},"end":{"line":41,"column":19}},"2":{"start":{"line":42,"column":4},"end":{"line":42,"column":19}},"3":{"start":{"line":43,"column":4},"end":{"line":43,"column":23}},"4":{"start":{"line":44,"column":4},"end":{"line":44,"column":23}},"5":{"start":{"line":45,"column":4},"end":{"line":45,"column":29}},"6":{"start":{"line":46,"column":4},"end":{"line":46,"column":21}},"7":{"start":{"line":56,"column":6},"end":{"line":56,"column":21}},"8":{"start":{"line":65,"column":6},"end":{"line":65,"column":21}},"9":{"start":{"line":74,"column":6},"end":{"line":74,"column":25}},"10":{"start":{"line":83,"column":6},"end":{"line":83,"column":25}},"11":{"start":{"line":92,"column":6},"end":{"line":92,"column":35}},"12":{"start":{"line":101,"column":6},"end":{"line":101,"column":39}},"13":{"start":{"line":120,"column":4},"end":{"line":120,"column":35}},"14":{"start":{"line":121,"column":4},"end":{"line":121,"column":96}},"15":{"start":{"line":122,"column":4},"end":{"line":122,"column":55}},"16":{"start":{"line":123,"column":4},"end":{"line":123,"column":29}},"17":{"start":{"line":124,"column":4},"end":{"line":124,"column":39}},"18":{"start":{"line":125,"column":4},"end":{"line":125,"column":45}},"19":{"start":{"line":126,"column":4},"end":{"line":126,"column":41}},"20":{"start":{"line":127,"column":4},"end":{"line":127,"column":46}},"21":{"start":{"line":128,"column":4},"end":{"line":128,"column":77}},"22":{"start":{"line":129,"column":4},"end":{"line":129,"column":40}},"23":{"start":{"line":130,"column":4},"end":{"line":130,"column":46}},"24":{"start":{"line":131,"column":4},"end":{"line":131,"column":26}},"25":{"start":{"line":134,"column":4},"end":{"line":134,"column":49}},"26":{"start":{"line":135,"column":4},"end":{"line":135,"column":53}},"27":{"start":{"line":136,"column":4},"end":{"line":136,"column":53}},"28":{"start":{"line":137,"column":4},"end":{"line":137,"column":48}},"29":{"start":{"line":138,"column":4},"end":{"line":138,"column":48}},"30":{"start":{"line":139,"column":4},"end":{"line":139,"column":48}},"31":{"start":{"line":140,"column":4},"end":{"line":140,"column":28}},"32":{"start":{"line":158,"column":4},"end":{"line":158,"column":5245}},"33":{"start":{"line":163,"column":4},"end":{"line":163,"column":5482}},"34":{"start":{"line":174,"column":4},"end":{"line":174,"column":36}},"35":{"start":{"line":175,"column":4},"end":{"line":175,"column":29}},"36":{"start":{"line":176,"column":4},"end":{"line":176,"column":29}},"37":{"start":{"line":177,"column":4},"end":{"line":177,"column":36}},"38":{"start":{"line":206,"column":4},"end":{"line":206,"column":37}},"39":{"start":{"line":207,"column":4},"end":{"line":207,"column":35}},"40":{"start":{"line":210,"column":4},"end":{"line":210,"column":93}},"41":{"start":{"line":211,"column":4},"end":{"line":211,"column":94}},"42":{"start":{"line":212,"column":4},"end":{"line":212,"column":53}},"43":{"start":{"line":215,"column":4},"end":{"line":215,"column":96}},"44":{"start":{"line":219,"column":4},"end":{"line":219,"column":7813}},"45":{"start":{"line":224,"column":6},"end":{"line":224,"column":31}},"46":{"start":{"line":225,"column":6},"end":{"line":225,"column":32}},"47":{"start":{"line":226,"column":6},"end":{"line":226,"column":31}},"48":{"start":{"line":227,"column":6},"end":{"line":227,"column":20}},"49":{"start":{"line":230,"column":4},"end":{"line":230,"column":8138}}},"branchMap":{"1":{"line":219,"type":"if","locations":[{"start":{"line":219,"column":4},"end":{"line":219,"column":4}},{"start":{"line":219,"column":4},"end":{"line":219,"column":4}}]}}},"contracts/IdleToken.sol":{"l":{"79":84,"80":84,"81":84,"82":84,"83":84,"84":84,"85":84,"96":1,"105":1,"114":1,"125":2,"126":1,"128":2,"134":1,"146":26,"147":26,"148":15,"151":11,"152":11,"153":11,"154":11,"155":17,"157":17,"158":17,"161":11,"173":17,"174":17,"175":17,"176":17,"177":34,"178":34,"179":34,"199":19,"201":19,"203":19,"205":19,"206":19,"220":8,"221":8,"223":6,"224":6,"226":6,"227":8,"228":8,"229":8,"237":6,"240":6,"241":2,"244":4,"258":2,"259":2,"277":31,"279":4,"280":4,"282":4,"287":27,"289":27,"290":16,"299":27,"301":27,"304":27,"307":27,"308":27,"309":27,"310":50,"311":50,"312":20,"314":30,"315":30,"317":30,"320":27,"337":43,"338":27,"341":16,"342":16,"343":0,"348":16,"349":16,"351":16,"352":16,"353":16,"355":16,"356":32,"357":32,"358":16,"360":32,"361":6,"362":6,"364":10,"367":16,"368":6,"371":10,"372":10,"373":8,"376":8,"377":2,"381":8,"395":27,"406":27,"407":27,"408":16,"426":8,"427":8,"440":34,"441":0,"443":34,"445":34,"446":34,"461":24,"462":4,"464":20,"466":20,"467":20},"path":"/home/bugman/Projects/idle-contracts/contracts/IdleToken.sol","s":{"1":84,"2":84,"3":84,"4":84,"5":84,"6":84,"7":84,"8":1,"9":1,"10":1,"11":2,"12":1,"13":2,"14":1,"15":26,"16":26,"17":15,"18":11,"19":11,"20":11,"21":11,"22":17,"23":17,"24":17,"25":11,"26":17,"27":17,"28":17,"29":17,"30":34,"31":34,"32":34,"33":19,"34":19,"35":19,"36":19,"37":19,"38":8,"39":8,"40":6,"41":6,"42":6,"43":8,"44":8,"45":8,"46":6,"47":6,"48":2,"49":4,"50":2,"51":2,"52":31,"53":4,"54":4,"55":4,"56":27,"57":27,"58":16,"59":27,"60":27,"61":27,"62":27,"63":27,"64":50,"65":50,"66":30,"67":30,"68":30,"69":27,"70":43,"71":27,"72":16,"73":16,"74":0,"75":16,"76":16,"77":16,"78":16,"79":16,"80":16,"81":32,"82":32,"83":16,"84":32,"85":6,"86":6,"87":26,"88":10,"89":16,"90":6,"91":10,"92":10,"93":8,"94":8,"95":2,"96":8,"97":27,"98":27,"99":27,"100":16,"101":8,"102":8,"103":34,"104":0,"105":34,"106":34,"107":34,"108":24,"109":4,"110":20,"111":20,"112":20},"b":{"1":[1,1],"2":[15,11],"3":[6,2],"4":[2,4],"5":[4,27],"6":[4,0],"7":[20,30],"8":[27,16],"9":[0,16],"10":[16,16],"11":[6,26],"12":[10,16],"13":[6,10],"14":[8,2],"15":[2,6],"16":[0,34],"17":[4,20]},"f":{"1":84,"2":1,"3":1,"4":1,"5":2,"6":1,"7":26,"8":17,"9":19,"10":8,"11":2,"12":31,"13":43,"14":27,"15":27,"16":8,"17":34,"18":24},"fnMap":{"1":{"name":"constructor","line":67,"loc":{"start":{"line":67,"column":2},"end":{"line":78,"column":46}}},"2":{"name":"setToken","line":94,"loc":{"start":{"line":94,"column":2},"end":{"line":95,"column":24}}},"3":{"name":"setIToken","line":103,"loc":{"start":{"line":103,"column":2},"end":{"line":104,"column":24}}},"4":{"name":"setRebalancer","line":112,"loc":{"start":{"line":112,"column":2},"end":{"line":113,"column":24}}},"5":{"name":"setProtocolWrapper","line":122,"loc":{"start":{"line":122,"column":2},"end":{"line":123,"column":24}}},"6":{"name":"setMinRateDifference","line":132,"loc":{"start":{"line":132,"column":2},"end":{"line":133,"column":24}}},"7":{"name":"tokenPrice","line":143,"loc":{"start":{"line":143,"column":2},"end":{"line":145,"column":29}}},"8":{"name":"getAPRs","line":170,"loc":{"start":{"line":170,"column":2},"end":{"line":172,"column":65}}},"9":{"name":"mintIdleToken","line":195,"loc":{"start":{"line":195,"column":2},"end":{"line":197,"column":36}}},"10":{"name":"redeemIdleToken","line":217,"loc":{"start":{"line":217,"column":2},"end":{"line":219,"column":38}}},"11":{"name":"claimITokens","line":255,"loc":{"start":{"line":255,"column":2},"end":{"line":257,"column":37}}},"12":{"name":"rebalance","line":274,"loc":{"start":{"line":274,"column":2},"end":{"line":276,"column":20}}},"13":{"name":"_rebalanceCheck","line":333,"loc":{"start":{"line":333,"column":2},"end":{"line":335,"column":20}}},"14":{"name":"_calcAmounts","line":392,"loc":{"start":{"line":392,"column":2},"end":{"line":394,"column":50}}},"15":{"name":"_getCurrentProtocols","line":403,"loc":{"start":{"line":403,"column":2},"end":{"line":405,"column":59}}},"16":{"name":"_getProtocolNextRate","line":423,"loc":{"start":{"line":423,"column":2},"end":{"line":425,"column":27}}},"17":{"name":"_mintProtocolTokens","line":437,"loc":{"start":{"line":437,"column":2},"end":{"line":439,"column":30}}},"18":{"name":"_redeemProtocolTokens","line":458,"loc":{"start":{"line":458,"column":2},"end":{"line":460,"column":30}}}},"statementMap":{"1":{"start":{"line":79,"column":6},"end":{"line":79,"column":19}},"2":{"start":{"line":80,"column":6},"end":{"line":80,"column":21}},"3":{"start":{"line":81,"column":6},"end":{"line":81,"column":29}},"4":{"start":{"line":82,"column":6},"end":{"line":82,"column":46}},"5":{"start":{"line":83,"column":6},"end":{"line":83,"column":45}},"6":{"start":{"line":84,"column":6},"end":{"line":84,"column":44}},"7":{"start":{"line":85,"column":6},"end":{"line":85,"column":43}},"8":{"start":{"line":96,"column":6},"end":{"line":96,"column":19}},"9":{"start":{"line":105,"column":6},"end":{"line":105,"column":21}},"10":{"start":{"line":114,"column":6},"end":{"line":114,"column":29}},"11":{"start":{"line":125,"column":6},"end":{"line":125,"column":4101}},"12":{"start":{"line":126,"column":8},"end":{"line":126,"column":38}},"13":{"start":{"line":128,"column":6},"end":{"line":128,"column":40}},"14":{"start":{"line":134,"column":6},"end":{"line":134,"column":30}},"15":{"start":{"line":146,"column":6},"end":{"line":146,"column":46}},"16":{"start":{"line":147,"column":6},"end":{"line":147,"column":4617}},"17":{"start":{"line":148,"column":8},"end":{"line":148,"column":21}},"18":{"start":{"line":151,"column":6},"end":{"line":151,"column":23}},"19":{"start":{"line":152,"column":6},"end":{"line":152,"column":21}},"20":{"start":{"line":153,"column":6},"end":{"line":153,"column":20}},"21":{"start":{"line":154,"column":6},"end":{"line":154,"column":4749}},"22":{"start":{"line":155,"column":8},"end":{"line":155,"column":93}},"23":{"start":{"line":157,"column":8},"end":{"line":157,"column":85}},"24":{"start":{"line":158,"column":8},"end":{"line":158,"column":35}},"25":{"start":{"line":161,"column":6},"end":{"line":161,"column":36}},"26":{"start":{"line":173,"column":6},"end":{"line":173,"column":23}},"27":{"start":{"line":174,"column":6},"end":{"line":174,"column":57}},"28":{"start":{"line":175,"column":6},"end":{"line":175,"column":52}},"29":{"start":{"line":176,"column":6},"end":{"line":176,"column":5580}},"30":{"start":{"line":177,"column":8},"end":{"line":177,"column":40}},"31":{"start":{"line":178,"column":8},"end":{"line":178,"column":31}},"32":{"start":{"line":179,"column":8},"end":{"line":179,"column":71}},"33":{"start":{"line":199,"column":6},"end":{"line":199,"column":38}},"34":{"start":{"line":201,"column":6},"end":{"line":201,"column":71}},"35":{"start":{"line":203,"column":6},"end":{"line":203,"column":23}},"36":{"start":{"line":205,"column":6},"end":{"line":205,"column":54}},"37":{"start":{"line":206,"column":6},"end":{"line":206,"column":36}},"38":{"start":{"line":220,"column":6},"end":{"line":220,"column":45}},"39":{"start":{"line":221,"column":6},"end":{"line":221,"column":59}},"40":{"start":{"line":223,"column":6},"end":{"line":223,"column":26}},"41":{"start":{"line":224,"column":6},"end":{"line":224,"column":33}},"42":{"start":{"line":226,"column":6},"end":{"line":226,"column":7427}},"43":{"start":{"line":227,"column":8},"end":{"line":227,"column":42}},"44":{"start":{"line":228,"column":8},"end":{"line":228,"column":74}},"45":{"start":{"line":229,"column":8},"end":{"line":229,"column":7615}},"46":{"start":{"line":237,"column":6},"end":{"line":237,"column":31}},"47":{"start":{"line":240,"column":6},"end":{"line":240,"column":7948}},"48":{"start":{"line":241,"column":8},"end":{"line":241,"column":29}},"49":{"start":{"line":244,"column":6},"end":{"line":244,"column":17}},"50":{"start":{"line":258,"column":6},"end":{"line":258,"column":59}},"51":{"start":{"line":259,"column":6},"end":{"line":259,"column":29}},"52":{"start":{"line":277,"column":6},"end":{"line":277,"column":9068}},"53":{"start":{"line":279,"column":8},"end":{"line":279,"column":9161}},"54":{"start":{"line":280,"column":10},"end":{"line":280,"column":80}},"55":{"start":{"line":282,"column":8},"end":{"line":282,"column":20}},"56":{"start":{"line":287,"column":6},"end":{"line":287,"column":68}},"57":{"start":{"line":289,"column":6},"end":{"line":289,"column":9522}},"58":{"start":{"line":290,"column":8},"end":{"line":290,"column":9584}},"59":{"start":{"line":299,"column":6},"end":{"line":299,"column":67}},"60":{"start":{"line":301,"column":6},"end":{"line":301,"column":102}},"61":{"start":{"line":307,"column":6},"end":{"line":307,"column":24}},"62":{"start":{"line":308,"column":6},"end":{"line":308,"column":22}},"63":{"start":{"line":309,"column":6},"end":{"line":309,"column":10294}},"64":{"start":{"line":310,"column":8},"end":{"line":310,"column":38}},"65":{"start":{"line":311,"column":8},"end":{"line":311,"column":10398}},"66":{"start":{"line":314,"column":8},"end":{"line":314,"column":35}},"67":{"start":{"line":315,"column":8},"end":{"line":315,"column":66}},"68":{"start":{"line":317,"column":8},"end":{"line":317,"column":39}},"69":{"start":{"line":320,"column":6},"end":{"line":320,"column":17}},"70":{"start":{"line":337,"column":6},"end":{"line":337,"column":11323}},"71":{"start":{"line":338,"column":8},"end":{"line":338,"column":19}},"72":{"start":{"line":341,"column":6},"end":{"line":341,"column":69}},"73":{"start":{"line":342,"column":6},"end":{"line":342,"column":11499}},"74":{"start":{"line":343,"column":8},"end":{"line":343,"column":20}},"75":{"start":{"line":348,"column":6},"end":{"line":348,"column":50}},"76":{"start":{"line":349,"column":6},"end":{"line":349,"column":26}},"77":{"start":{"line":351,"column":6},"end":{"line":351,"column":31}},"78":{"start":{"line":352,"column":6},"end":{"line":352,"column":28}},"79":{"start":{"line":353,"column":6},"end":{"line":353,"column":21}},"80":{"start":{"line":355,"column":6},"end":{"line":355,"column":11874}},"81":{"start":{"line":356,"column":8},"end":{"line":356,"column":24}},"82":{"start":{"line":357,"column":8},"end":{"line":357,"column":11953}},"83":{"start":{"line":358,"column":10},"end":{"line":358,"column":31}},"84":{"start":{"line":360,"column":8},"end":{"line":360,"column":12042}},"85":{"start":{"line":361,"column":10},"end":{"line":361,"column":33}},"86":{"start":{"line":362,"column":10},"end":{"line":362,"column":26}},"87":{"start":{"line":363,"column":15},"end":{"line":363,"column":12147}},"88":{"start":{"line":364,"column":10},"end":{"line":364,"column":33}},"89":{"start":{"line":367,"column":6},"end":{"line":367,"column":12258}},"90":{"start":{"line":368,"column":8},"end":{"line":368,"column":19}},"91":{"start":{"line":371,"column":6},"end":{"line":371,"column":22}},"92":{"start":{"line":372,"column":6},"end":{"line":372,"column":12348}},"93":{"start":{"line":373,"column":8},"end":{"line":373,"column":83}},"94":{"start":{"line":376,"column":8},"end":{"line":376,"column":12555}},"95":{"start":{"line":377,"column":10},"end":{"line":377,"column":21}},"96":{"start":{"line":381,"column":6},"end":{"line":381,"column":18}},"97":{"start":{"line":395,"column":6},"end":{"line":395,"column":69}},"98":{"start":{"line":406,"column":6},"end":{"line":406,"column":73}},"99":{"start":{"line":407,"column":6},"end":{"line":407,"column":13549}},"100":{"start":{"line":408,"column":8},"end":{"line":408,"column":13614}},"101":{"start":{"line":426,"column":6},"end":{"line":426,"column":64}},"102":{"start":{"line":427,"column":6},"end":{"line":427,"column":43}},"103":{"start":{"line":440,"column":6},"end":{"line":440,"column":14622}},"104":{"start":{"line":441,"column":8},"end":{"line":441,"column":21}},"105":{"start":{"line":443,"column":6},"end":{"line":443,"column":64}},"106":{"start":{"line":445,"column":6},"end":{"line":445,"column":54}},"107":{"start":{"line":446,"column":6},"end":{"line":446,"column":29}},"108":{"start":{"line":461,"column":6},"end":{"line":461,"column":15411}},"109":{"start":{"line":462,"column":8},"end":{"line":462,"column":21}},"110":{"start":{"line":464,"column":6},"end":{"line":464,"column":64}},"111":{"start":{"line":466,"column":6},"end":{"line":466,"column":55}},"112":{"start":{"line":467,"column":6},"end":{"line":467,"column":39}}},"branchMap":{"1":{"line":125,"type":"if","locations":[{"start":{"line":125,"column":6},"end":{"line":125,"column":6}},{"start":{"line":125,"column":6},"end":{"line":125,"column":6}}]},"2":{"line":147,"type":"if","locations":[{"start":{"line":147,"column":6},"end":{"line":147,"column":6}},{"start":{"line":147,"column":6},"end":{"line":147,"column":6}}]},"3":{"line":221,"type":"if","locations":[{"start":{"line":221,"column":6},"end":{"line":221,"column":6}},{"start":{"line":221,"column":6},"end":{"line":221,"column":6}}]},"4":{"line":240,"type":"if","locations":[{"start":{"line":240,"column":6},"end":{"line":240,"column":6}},{"start":{"line":240,"column":6},"end":{"line":240,"column":6}}]},"5":{"line":277,"type":"if","locations":[{"start":{"line":277,"column":6},"end":{"line":277,"column":6}},{"start":{"line":277,"column":6},"end":{"line":277,"column":6}}]},"6":{"line":279,"type":"if","locations":[{"start":{"line":279,"column":8},"end":{"line":279,"column":8}},{"start":{"line":279,"column":8},"end":{"line":279,"column":8}}]},"7":{"line":311,"type":"if","locations":[{"start":{"line":311,"column":8},"end":{"line":311,"column":8}},{"start":{"line":311,"column":8},"end":{"line":311,"column":8}}]},"8":{"line":337,"type":"if","locations":[{"start":{"line":337,"column":6},"end":{"line":337,"column":6}},{"start":{"line":337,"column":6},"end":{"line":337,"column":6}}]},"9":{"line":342,"type":"if","locations":[{"start":{"line":342,"column":6},"end":{"line":342,"column":6}},{"start":{"line":342,"column":6},"end":{"line":342,"column":6}}]},"10":{"line":357,"type":"if","locations":[{"start":{"line":357,"column":8},"end":{"line":357,"column":8}},{"start":{"line":357,"column":8},"end":{"line":357,"column":8}}]},"11":{"line":360,"type":"if","locations":[{"start":{"line":360,"column":8},"end":{"line":360,"column":8}},{"start":{"line":360,"column":8},"end":{"line":360,"column":8}}]},"12":{"line":363,"type":"if","locations":[{"start":{"line":363,"column":15},"end":{"line":363,"column":15}},{"start":{"line":363,"column":15},"end":{"line":363,"column":15}}]},"13":{"line":367,"type":"if","locations":[{"start":{"line":367,"column":6},"end":{"line":367,"column":6}},{"start":{"line":367,"column":6},"end":{"line":367,"column":6}}]},"14":{"line":372,"type":"if","locations":[{"start":{"line":372,"column":6},"end":{"line":372,"column":6}},{"start":{"line":372,"column":6},"end":{"line":372,"column":6}}]},"15":{"line":376,"type":"if","locations":[{"start":{"line":376,"column":8},"end":{"line":376,"column":8}},{"start":{"line":376,"column":8},"end":{"line":376,"column":8}}]},"16":{"line":440,"type":"if","locations":[{"start":{"line":440,"column":6},"end":{"line":440,"column":6}},{"start":{"line":440,"column":6},"end":{"line":440,"column":6}}]},"17":{"line":461,"type":"if","locations":[{"start":{"line":461,"column":6},"end":{"line":461,"column":6}},{"start":{"line":461,"column":6},"end":{"line":461,"column":6}}]}}},"contracts/interfaces/CERC20.sol":{"l":{},"path":"/home/bugman/Projects/idle-contracts/contracts/interfaces/CERC20.sol","s":{},"b":{},"f":{},"fnMap":{},"statementMap":{},"branchMap":{}},"contracts/interfaces/iERC20Fulcrum.sol":{"l":{},"path":"/home/bugman/Projects/idle-contracts/contracts/interfaces/iERC20Fulcrum.sol","s":{},"b":{},"f":{},"fnMap":{},"statementMap":{},"branchMap":{}},"contracts/interfaces/ILendingProtocol.sol":{"l":{},"path":"/home/bugman/Projects/idle-contracts/contracts/interfaces/ILendingProtocol.sol","s":{},"b":{},"f":{},"fnMap":{},"statementMap":{},"branchMap":{}},"contracts/interfaces/WhitePaperInterestRateModel.sol":{"l":{},"path":"/home/bugman/Projects/idle-contracts/contracts/interfaces/WhitePaperInterestRateModel.sol","s":{},"b":{},"f":{},"fnMap":{},"statementMap":{},"branchMap":{}},"contracts/mocks/cDAIMock.sol":{"l":{"26":62,"27":62,"28":62,"29":62,"30":62,"31":62,"32":62,"36":25,"37":25,"38":25,"41":15,"42":15,"43":15,"47":2,"48":2,"49":2,"50":2,"51":2,"57":2,"60":9,"63":2,"66":2,"69":2,"72":2,"75":2,"78":2,"81":4},"path":"/home/bugman/Projects/idle-contracts/contracts/mocks/cDAIMock.sol","s":{"1":62,"2":62,"3":62,"4":62,"5":62,"6":62,"7":62,"8":25,"9":25,"10":25,"11":15,"12":15,"13":15,"14":2,"15":2,"16":2,"17":2,"18":2,"19":2,"20":9,"21":2,"22":2,"23":2,"24":2,"25":2,"26":2,"27":4},"b":{"1":[25,0],"2":[15,0]},"f":{"1":62,"2":25,"3":15,"4":2,"5":0,"6":2,"7":9,"8":2,"9":2,"10":2,"11":2,"12":2,"13":2,"14":4},"fnMap":{"1":{"name":"constructor","line":23,"loc":{"start":{"line":23,"column":2},"end":{"line":25,"column":45}}},"2":{"name":"mint","line":35,"loc":{"start":{"line":35,"column":2},"end":{"line":35,"column":58}}},"3":{"name":"redeem","line":40,"loc":{"start":{"line":40,"column":2},"end":{"line":40,"column":60}}},"4":{"name":"setParams","line":46,"loc":{"start":{"line":46,"column":2},"end":{"line":46,"column":52}}},"5":{"name":"borrowRatePerBlock","line":54,"loc":{"start":{"line":54,"column":2},"end":{"line":54,"column":63}}},"6":{"name":"exchangeRateStored","line":56,"loc":{"start":{"line":56,"column":2},"end":{"line":56,"column":63}}},"7":{"name":"_setExchangeRateStored","line":59,"loc":{"start":{"line":59,"column":2},"end":{"line":59,"column":75}}},"8":{"name":"supplyRatePerBlock","line":62,"loc":{"start":{"line":62,"column":2},"end":{"line":62,"column":63}}},"9":{"name":"totalReserves","line":65,"loc":{"start":{"line":65,"column":2},"end":{"line":65,"column":58}}},"10":{"name":"getCash","line":68,"loc":{"start":{"line":68,"column":2},"end":{"line":68,"column":52}}},"11":{"name":"totalBorrows","line":71,"loc":{"start":{"line":71,"column":2},"end":{"line":71,"column":57}}},"12":{"name":"reserveFactorMantissa","line":74,"loc":{"start":{"line":74,"column":2},"end":{"line":74,"column":66}}},"13":{"name":"interestRateModel","line":77,"loc":{"start":{"line":77,"column":2},"end":{"line":77,"column":62}}},"14":{"name":"blocksInAYear","line":80,"loc":{"start":{"line":80,"column":2},"end":{"line":80,"column":58}}}},"statementMap":{"1":{"start":{"line":26,"column":4},"end":{"line":26,"column":13}},"2":{"start":{"line":27,"column":4},"end":{"line":27,"column":41}},"3":{"start":{"line":28,"column":4},"end":{"line":28,"column":46}},"4":{"start":{"line":29,"column":4},"end":{"line":29,"column":28}},"5":{"start":{"line":30,"column":4},"end":{"line":30,"column":27}},"6":{"start":{"line":31,"column":4},"end":{"line":31,"column":31}},"7":{"start":{"line":32,"column":4},"end":{"line":32,"column":28}},"8":{"start":{"line":36,"column":4},"end":{"line":36,"column":100}},"9":{"start":{"line":37,"column":4},"end":{"line":37,"column":53}},"10":{"start":{"line":38,"column":4},"end":{"line":38,"column":12}},"11":{"start":{"line":41,"column":4},"end":{"line":41,"column":28}},"12":{"start":{"line":42,"column":4},"end":{"line":42,"column":102}},"13":{"start":{"line":43,"column":4},"end":{"line":43,"column":12}},"14":{"start":{"line":47,"column":4},"end":{"line":47,"column":28}},"15":{"start":{"line":48,"column":4},"end":{"line":48,"column":29}},"16":{"start":{"line":49,"column":4},"end":{"line":49,"column":45}},"17":{"start":{"line":50,"column":4},"end":{"line":50,"column":23}},"18":{"start":{"line":51,"column":4},"end":{"line":51,"column":27}},"19":{"start":{"line":57,"column":4},"end":{"line":57,"column":24}},"20":{"start":{"line":60,"column":4},"end":{"line":60,"column":24}},"21":{"start":{"line":63,"column":4},"end":{"line":63,"column":22}},"22":{"start":{"line":66,"column":4},"end":{"line":66,"column":25}},"23":{"start":{"line":69,"column":4},"end":{"line":69,"column":19}},"24":{"start":{"line":72,"column":4},"end":{"line":72,"column":24}},"25":{"start":{"line":75,"column":4},"end":{"line":75,"column":33}},"26":{"start":{"line":78,"column":4},"end":{"line":78,"column":29}},"27":{"start":{"line":81,"column":4},"end":{"line":81,"column":25}}},"branchMap":{"1":{"line":36,"type":"if","locations":[{"start":{"line":36,"column":4},"end":{"line":36,"column":4}},{"start":{"line":36,"column":4},"end":{"line":36,"column":4}}]},"2":{"line":42,"type":"if","locations":[{"start":{"line":42,"column":4},"end":{"line":42,"column":4}},{"start":{"line":42,"column":4},"end":{"line":42,"column":4}}]}}},"contracts/mocks/cDAIWrapperMock.sol":{"l":{"25":37,"26":37,"30":23,"31":23,"32":0,"35":23,"37":23,"39":23,"41":23,"43":23,"47":13,"48":13,"50":13,"52":13,"53":13,"56":8,"59":6,"64":17,"67":10,"70":11,"73":14},"path":"/home/bugman/Projects/idle-contracts/contracts/mocks/cDAIWrapperMock.sol","s":{"1":37,"2":37,"3":23,"4":23,"5":0,"6":23,"7":23,"8":23,"9":23,"10":23,"11":13,"12":13,"13":13,"14":13,"15":13,"16":8,"17":6,"18":17,"19":10,"20":11,"21":14},"b":{"1":[0,23],"2":[23,0],"3":[13,0]},"f":{"1":37,"2":23,"3":13,"4":8,"5":6,"6":0,"7":17,"8":10,"9":11,"10":14},"fnMap":{"1":{"name":"constructor","line":24,"loc":{"start":{"line":24,"column":2},"end":{"line":24,"column":57}}},"2":{"name":"mint","line":29,"loc":{"start":{"line":29,"column":2},"end":{"line":29,"column":52}}},"3":{"name":"redeem","line":45,"loc":{"start":{"line":45,"column":2},"end":{"line":45,"column":69}}},"4":{"name":"nextSupplyRate","line":55,"loc":{"start":{"line":55,"column":2},"end":{"line":55,"column":66}}},"5":{"name":"_setNextSupplyRate","line":58,"loc":{"start":{"line":58,"column":2},"end":{"line":58,"column":81}}},"6":{"name":"nextSupplyRateWithParams","line":61,"loc":{"start":{"line":61,"column":2},"end":{"line":61,"column":94}}},"7":{"name":"getAPR","line":63,"loc":{"start":{"line":63,"column":2},"end":{"line":63,"column":51}}},"8":{"name":"_setAPR","line":66,"loc":{"start":{"line":66,"column":2},"end":{"line":66,"column":59}}},"9":{"name":"getPriceInToken","line":69,"loc":{"start":{"line":69,"column":2},"end":{"line":69,"column":60}}},"10":{"name":"_setPriceInToken","line":72,"loc":{"start":{"line":72,"column":2},"end":{"line":72,"column":70}}}},"statementMap":{"1":{"start":{"line":25,"column":4},"end":{"line":25,"column":17}},"2":{"start":{"line":26,"column":4},"end":{"line":26,"column":27}},"3":{"start":{"line":30,"column":4},"end":{"line":30,"column":65}},"4":{"start":{"line":31,"column":4},"end":{"line":31,"column":920}},"5":{"start":{"line":32,"column":6},"end":{"line":32,"column":20}},"6":{"start":{"line":35,"column":4},"end":{"line":35,"column":59}},"7":{"start":{"line":37,"column":4},"end":{"line":37,"column":34}},"8":{"start":{"line":39,"column":4},"end":{"line":39,"column":55}},"9":{"start":{"line":41,"column":4},"end":{"line":41,"column":51}},"10":{"start":{"line":43,"column":4},"end":{"line":43,"column":50}},"11":{"start":{"line":47,"column":4},"end":{"line":47,"column":34}},"12":{"start":{"line":48,"column":4},"end":{"line":48,"column":43}},"13":{"start":{"line":50,"column":4},"end":{"line":50,"column":121}},"14":{"start":{"line":52,"column":4},"end":{"line":52,"column":48}},"15":{"start":{"line":53,"column":4},"end":{"line":53,"column":45}},"16":{"start":{"line":56,"column":4},"end":{"line":56,"column":30}},"17":{"start":{"line":59,"column":4},"end":{"line":59,"column":40}},"18":{"start":{"line":64,"column":4},"end":{"line":64,"column":14}},"19":{"start":{"line":67,"column":4},"end":{"line":67,"column":13}},"20":{"start":{"line":70,"column":4},"end":{"line":70,"column":16}},"21":{"start":{"line":73,"column":4},"end":{"line":73,"column":17}}},"branchMap":{"1":{"line":31,"type":"if","locations":[{"start":{"line":31,"column":4},"end":{"line":31,"column":4}},{"start":{"line":31,"column":4},"end":{"line":31,"column":4}}]},"2":{"line":39,"type":"if","locations":[{"start":{"line":39,"column":4},"end":{"line":39,"column":4}},{"start":{"line":39,"column":4},"end":{"line":39,"column":4}}]},"3":{"line":50,"type":"if","locations":[{"start":{"line":50,"column":4},"end":{"line":50,"column":4}},{"start":{"line":50,"column":4},"end":{"line":50,"column":4}}]}}},"contracts/mocks/DAIMock.sol":{"l":{"11":73,"12":73},"path":"/home/bugman/Projects/idle-contracts/contracts/mocks/DAIMock.sol","s":{"1":73,"2":73},"b":{},"f":{"1":73},"fnMap":{"1":{"name":"constructor","line":8,"loc":{"start":{"line":8,"column":2},"end":{"line":10,"column":44}}}},"statementMap":{"1":{"start":{"line":11,"column":4},"end":{"line":11,"column":31}},"2":{"start":{"line":12,"column":4},"end":{"line":12,"column":28}}},"branchMap":{}},"contracts/mocks/iDAIMock.sol":{"l":{"24":62,"25":62,"26":62,"27":62,"28":62,"29":62,"30":62,"34":13,"35":13,"36":13,"39":9,"40":9,"41":9,"45":2,"46":2,"49":1,"50":1,"51":1,"52":1,"55":2,"58":2,"61":0,"64":8,"67":0,"70":1,"90":1,"97":1,"104":1,"111":2},"path":"/home/bugman/Projects/idle-contracts/contracts/mocks/iDAIMock.sol","s":{"1":62,"2":62,"3":62,"4":62,"5":62,"6":62,"7":62,"8":13,"9":13,"10":13,"11":9,"12":9,"13":9,"14":2,"15":2,"16":1,"17":1,"18":1,"19":1,"20":2,"21":2,"22":0,"23":8,"24":0,"25":1,"26":1,"27":1,"28":1,"29":2},"b":{"1":[13,0],"2":[9,0],"3":[2,0]},"f":{"1":62,"2":13,"3":9,"4":2,"5":1,"6":2,"7":2,"8":0,"9":8,"10":0,"11":1,"12":0,"13":0,"14":0,"15":1,"16":1,"17":1,"18":2,"19":0,"20":0},"fnMap":{"1":{"name":"constructor","line":21,"loc":{"start":{"line":21,"column":2},"end":{"line":23,"column":46}}},"2":{"name":"mint","line":33,"loc":{"start":{"line":33,"column":2},"end":{"line":33,"column":76}}},"3":{"name":"burn","line":38,"loc":{"start":{"line":38,"column":2},"end":{"line":38,"column":76}}},"4":{"name":"claimLoanToken","line":44,"loc":{"start":{"line":44,"column":2},"end":{"line":44,"column":55}}},"5":{"name":"setParams","line":48,"loc":{"start":{"line":48,"column":2},"end":{"line":48,"column":52}}},"6":{"name":"tokenPrice","line":54,"loc":{"start":{"line":54,"column":2},"end":{"line":54,"column":56}}},"7":{"name":"supplyInterestRate","line":57,"loc":{"start":{"line":57,"column":2},"end":{"line":57,"column":64}}},"8":{"name":"setSupplyInterestRateForTest","line":60,"loc":{"start":{"line":60,"column":2},"end":{"line":60,"column":63}}},"9":{"name":"setPriceForTest","line":63,"loc":{"start":{"line":63,"column":2},"end":{"line":63,"column":51}}},"10":{"name":"setSpreadMultiplierForTest","line":66,"loc":{"start":{"line":66,"column":2},"end":{"line":66,"column":73}}},"11":{"name":"setToTransfer","line":69,"loc":{"start":{"line":69,"column":2},"end":{"line":69,"column":54}}},"12":{"name":"rateMultiplier","line":72,"loc":{"start":{"line":72,"column":2},"end":{"line":75,"column":23}}},"13":{"name":"baseRate","line":76,"loc":{"start":{"line":76,"column":2},"end":{"line":79,"column":23}}},"14":{"name":"borrowInterestRate","line":81,"loc":{"start":{"line":81,"column":2},"end":{"line":84,"column":23}}},"15":{"name":"avgBorrowInterestRate","line":86,"loc":{"start":{"line":86,"column":2},"end":{"line":89,"column":23}}},"16":{"name":"totalAssetBorrow","line":93,"loc":{"start":{"line":93,"column":2},"end":{"line":96,"column":23}}},"17":{"name":"totalAssetSupply","line":100,"loc":{"start":{"line":100,"column":2},"end":{"line":103,"column":23}}},"18":{"name":"nextSupplyInterestRate","line":107,"loc":{"start":{"line":107,"column":2},"end":{"line":110,"column":23}}},"19":{"name":"nextBorrowInterestRate","line":114,"loc":{"start":{"line":114,"column":2},"end":{"line":117,"column":23}}},"20":{"name":"nextLoanInterestRate","line":118,"loc":{"start":{"line":118,"column":2},"end":{"line":121,"column":23}}}},"statementMap":{"1":{"start":{"line":24,"column":4},"end":{"line":24,"column":13}},"2":{"start":{"line":25,"column":4},"end":{"line":25,"column":22}},"3":{"start":{"line":26,"column":4},"end":{"line":26,"column":35}},"4":{"start":{"line":27,"column":4},"end":{"line":27,"column":30}},"5":{"start":{"line":28,"column":4},"end":{"line":28,"column":42}},"6":{"start":{"line":29,"column":4},"end":{"line":29,"column":39}},"7":{"start":{"line":30,"column":4},"end":{"line":30,"column":34}},"8":{"start":{"line":34,"column":4},"end":{"line":34,"column":100}},"9":{"start":{"line":35,"column":4},"end":{"line":35,"column":43}},"10":{"start":{"line":36,"column":4},"end":{"line":36,"column":34}},"11":{"start":{"line":39,"column":4},"end":{"line":39,"column":28}},"12":{"start":{"line":40,"column":4},"end":{"line":40,"column":92}},"13":{"start":{"line":41,"column":4},"end":{"line":41,"column":34}},"14":{"start":{"line":45,"column":4},"end":{"line":45,"column":74}},"15":{"start":{"line":46,"column":4},"end":{"line":46,"column":21}},"16":{"start":{"line":49,"column":4},"end":{"line":49,"column":29}},"17":{"start":{"line":50,"column":4},"end":{"line":50,"column":32}},"18":{"start":{"line":51,"column":4},"end":{"line":51,"column":32}},"19":{"start":{"line":52,"column":4},"end":{"line":52,"column":31}},"20":{"start":{"line":55,"column":4},"end":{"line":55,"column":16}},"21":{"start":{"line":58,"column":4},"end":{"line":58,"column":21}},"22":{"start":{"line":61,"column":4},"end":{"line":61,"column":21}},"23":{"start":{"line":64,"column":4},"end":{"line":64,"column":17}},"24":{"start":{"line":67,"column":4},"end":{"line":67,"column":39}},"25":{"start":{"line":70,"column":4},"end":{"line":70,"column":27}},"26":{"start":{"line":90,"column":4},"end":{"line":90,"column":25}},"27":{"start":{"line":97,"column":6},"end":{"line":97,"column":30}},"28":{"start":{"line":104,"column":4},"end":{"line":104,"column":28}},"29":{"start":{"line":111,"column":6},"end":{"line":111,"column":23}}},"branchMap":{"1":{"line":34,"type":"if","locations":[{"start":{"line":34,"column":4},"end":{"line":34,"column":4}},{"start":{"line":34,"column":4},"end":{"line":34,"column":4}}]},"2":{"line":40,"type":"if","locations":[{"start":{"line":40,"column":4},"end":{"line":40,"column":4}},{"start":{"line":40,"column":4},"end":{"line":40,"column":4}}]},"3":{"line":45,"type":"if","locations":[{"start":{"line":45,"column":4},"end":{"line":45,"column":4}},{"start":{"line":45,"column":4},"end":{"line":45,"column":4}}]}}},"contracts/mocks/iDAIWrapperMock.sol":{"l":{"23":37,"24":37,"28":11,"29":11,"30":0,"33":11,"35":11,"38":7,"41":0,"44":0,"49":17,"52":10,"55":6,"58":10},"path":"/home/bugman/Projects/idle-contracts/contracts/mocks/iDAIWrapperMock.sol","s":{"1":37,"2":37,"3":11,"4":11,"5":0,"6":11,"7":11,"8":7,"9":0,"10":0,"11":17,"12":10,"13":6,"14":10},"b":{"1":[0,11]},"f":{"1":37,"2":11,"3":7,"4":0,"5":0,"6":0,"7":17,"8":10,"9":6,"10":10},"fnMap":{"1":{"name":"constructor","line":22,"loc":{"start":{"line":22,"column":2},"end":{"line":22,"column":57}}},"2":{"name":"mint","line":27,"loc":{"start":{"line":27,"column":2},"end":{"line":27,"column":52}}},"3":{"name":"redeem","line":37,"loc":{"start":{"line":37,"column":2},"end":{"line":37,"column":69}}},"4":{"name":"nextSupplyRate","line":40,"loc":{"start":{"line":40,"column":2},"end":{"line":40,"column":66}}},"5":{"name":"_setNextSupplyRate","line":43,"loc":{"start":{"line":43,"column":2},"end":{"line":43,"column":81}}},"6":{"name":"nextSupplyRateWithParams","line":46,"loc":{"start":{"line":46,"column":2},"end":{"line":46,"column":94}}},"7":{"name":"getAPR","line":48,"loc":{"start":{"line":48,"column":2},"end":{"line":48,"column":51}}},"8":{"name":"_setAPR","line":51,"loc":{"start":{"line":51,"column":2},"end":{"line":51,"column":59}}},"9":{"name":"getPriceInToken","line":54,"loc":{"start":{"line":54,"column":2},"end":{"line":54,"column":60}}},"10":{"name":"_setPriceInToken","line":57,"loc":{"start":{"line":57,"column":2},"end":{"line":57,"column":70}}}},"statementMap":{"1":{"start":{"line":23,"column":4},"end":{"line":23,"column":17}},"2":{"start":{"line":24,"column":4},"end":{"line":24,"column":27}},"3":{"start":{"line":28,"column":4},"end":{"line":28,"column":65}},"4":{"start":{"line":29,"column":4},"end":{"line":29,"column":870}},"5":{"start":{"line":30,"column":6},"end":{"line":30,"column":20}},"6":{"start":{"line":33,"column":4},"end":{"line":33,"column":59}},"7":{"start":{"line":35,"column":4},"end":{"line":35,"column":59}},"8":{"start":{"line":38,"column":4},"end":{"line":38,"column":87}},"9":{"start":{"line":41,"column":4},"end":{"line":41,"column":30}},"10":{"start":{"line":44,"column":4},"end":{"line":44,"column":40}},"11":{"start":{"line":49,"column":4},"end":{"line":49,"column":14}},"12":{"start":{"line":52,"column":4},"end":{"line":52,"column":13}},"13":{"start":{"line":55,"column":4},"end":{"line":55,"column":16}},"14":{"start":{"line":58,"column":4},"end":{"line":58,"column":17}}},"branchMap":{"1":{"line":29,"type":"if","locations":[{"start":{"line":29,"column":4},"end":{"line":29,"column":4}},{"start":{"line":29,"column":4},"end":{"line":29,"column":4}}]}}},"contracts/mocks/IdleRebalancerMock.sol":{"l":{"33":37,"34":37,"35":37,"36":37,"37":37,"38":37,"48":0,"57":0,"66":0,"75":0,"84":0,"93":0,"110":27,"114":21,"115":21},"path":"/home/bugman/Projects/idle-contracts/contracts/mocks/IdleRebalancerMock.sol","s":{"1":37,"2":37,"3":37,"4":37,"5":37,"6":37,"7":0,"8":0,"9":0,"10":0,"11":0,"12":0,"13":27,"14":21,"15":21},"b":{},"f":{"1":37,"2":0,"3":0,"4":0,"5":0,"6":0,"7":0,"8":27,"9":21,"10":0},"fnMap":{"1":{"name":"constructor","line":32,"loc":{"start":{"line":32,"column":2},"end":{"line":32,"column":92}}},"2":{"name":"setCToken","line":46,"loc":{"start":{"line":46,"column":2},"end":{"line":47,"column":24}}},"3":{"name":"setIToken","line":55,"loc":{"start":{"line":55,"column":2},"end":{"line":56,"column":24}}},"4":{"name":"setCTokenWrapper","line":64,"loc":{"start":{"line":64,"column":2},"end":{"line":65,"column":24}}},"5":{"name":"setITokenWrapper","line":73,"loc":{"start":{"line":73,"column":2},"end":{"line":74,"column":24}}},"6":{"name":"setMaxIterations","line":82,"loc":{"start":{"line":82,"column":2},"end":{"line":83,"column":24}}},"7":{"name":"setMaxRateDifference","line":91,"loc":{"start":{"line":91,"column":2},"end":{"line":92,"column":24}}},"8":{"name":"calcRebalanceAmounts","line":106,"loc":{"start":{"line":106,"column":2},"end":{"line":109,"column":3}}},"9":{"name":"_setCalcAmounts","line":113,"loc":{"start":{"line":113,"column":2},"end":{"line":113,"column":94}}},"10":{"name":"bisectionRec","line":134,"loc":{"start":{"line":134,"column":2},"end":{"line":141,"column":32}}}},"statementMap":{"1":{"start":{"line":33,"column":4},"end":{"line":33,"column":19}},"2":{"start":{"line":34,"column":4},"end":{"line":34,"column":19}},"3":{"start":{"line":35,"column":4},"end":{"line":35,"column":23}},"4":{"start":{"line":36,"column":4},"end":{"line":36,"column":23}},"5":{"start":{"line":37,"column":4},"end":{"line":37,"column":29}},"6":{"start":{"line":38,"column":4},"end":{"line":38,"column":21}},"7":{"start":{"line":48,"column":6},"end":{"line":48,"column":21}},"8":{"start":{"line":57,"column":6},"end":{"line":57,"column":21}},"9":{"start":{"line":66,"column":6},"end":{"line":66,"column":25}},"10":{"start":{"line":75,"column":6},"end":{"line":75,"column":25}},"11":{"start":{"line":84,"column":6},"end":{"line":84,"column":35}},"12":{"start":{"line":93,"column":6},"end":{"line":93,"column":39}},"13":{"start":{"line":110,"column":4},"end":{"line":110,"column":36}},"14":{"start":{"line":114,"column":4},"end":{"line":114,"column":35}},"15":{"start":{"line":115,"column":4},"end":{"line":115,"column":21}}},"branchMap":{}},"contracts/mocks/WhitePaperMock.sol":{"l":{"10":62,"11":62,"12":62},"path":"/home/bugman/Projects/idle-contracts/contracts/mocks/WhitePaperMock.sol","s":{"1":62,"2":62,"3":62},"b":{},"f":{"1":62,"2":0},"fnMap":{"1":{"name":"constructor","line":9,"loc":{"start":{"line":9,"column":2},"end":{"line":9,"column":22}}},"2":{"name":"getBorrowRate","line":14,"loc":{"start":{"line":14,"column":2},"end":{"line":14,"column":115}}}},"statementMap":{"1":{"start":{"line":10,"column":4},"end":{"line":10,"column":31}},"2":{"start":{"line":11,"column":4},"end":{"line":11,"column":34}},"3":{"start":{"line":12,"column":4},"end":{"line":12,"column":26}}},"branchMap":{}},"contracts/wrappers/IdleCompound.sol":{"l":{"32":27,"33":27,"43":1,"52":1,"89":7,"91":7,"93":7,"95":7,"107":1,"108":1,"109":1,"111":1,"112":1,"113":1,"114":1,"115":1,"116":1,"117":1,"118":1,"119":1,"120":1,"123":1,"132":1,"141":1,"142":1,"143":1,"156":3,"157":3,"158":1,"161":2,"163":2,"165":2,"167":2,"169":2,"183":2,"184":2,"186":2,"188":2,"189":2},"path":"/home/bugman/Projects/idle-contracts/contracts/wrappers/IdleCompound.sol","s":{"1":27,"2":27,"3":1,"4":1,"5":7,"6":7,"7":7,"8":7,"9":1,"10":1,"11":1,"12":1,"13":1,"14":1,"15":1,"16":1,"17":1,"18":1,"19":1,"20":1,"21":1,"22":1,"23":1,"24":1,"25":1,"26":1,"27":3,"28":3,"29":1,"30":2,"31":2,"32":2,"33":2,"34":2,"35":2,"36":2,"37":2,"38":2,"39":2},"b":{"1":[1,2],"2":[2,0],"3":[2,0]},"f":{"1":27,"2":1,"3":1,"4":7,"5":1,"6":1,"7":1,"8":3,"9":2},"fnMap":{"1":{"name":"constructor","line":31,"loc":{"start":{"line":31,"column":2},"end":{"line":31,"column":57}}},"2":{"name":"setToken","line":41,"loc":{"start":{"line":41,"column":2},"end":{"line":42,"column":24}}},"3":{"name":"setUnderlying","line":50,"loc":{"start":{"line":50,"column":2},"end":{"line":51,"column":24}}},"4":{"name":"nextSupplyRateWithParams","line":64,"loc":{"start":{"line":64,"column":2},"end":{"line":66,"column":23}}},"5":{"name":"nextSupplyRate","line":104,"loc":{"start":{"line":104,"column":2},"end":{"line":106,"column":23}}},"6":{"name":"getPriceInToken","line":129,"loc":{"start":{"line":129,"column":2},"end":{"line":131,"column":23}}},"7":{"name":"getAPR","line":138,"loc":{"start":{"line":138,"column":2},"end":{"line":140,"column":27}}},"8":{"name":"mint","line":153,"loc":{"start":{"line":153,"column":2},"end":{"line":155,"column":31}}},"9":{"name":"redeem","line":179,"loc":{"start":{"line":179,"column":2},"end":{"line":181,"column":30}}}},"statementMap":{"1":{"start":{"line":32,"column":4},"end":{"line":32,"column":17}},"2":{"start":{"line":33,"column":4},"end":{"line":33,"column":27}},"3":{"start":{"line":43,"column":6},"end":{"line":43,"column":19}},"4":{"start":{"line":52,"column":6},"end":{"line":52,"column":29}},"5":{"start":{"line":89,"column":6},"end":{"line":89,"column":92}},"6":{"start":{"line":91,"column":6},"end":{"line":91,"column":77}},"7":{"start":{"line":93,"column":6},"end":{"line":93,"column":74}},"8":{"start":{"line":95,"column":6},"end":{"line":95,"column":82}},"9":{"start":{"line":107,"column":6},"end":{"line":107,"column":35}},"10":{"start":{"line":108,"column":6},"end":{"line":108,"column":97}},"11":{"start":{"line":109,"column":6},"end":{"line":109,"column":49}},"12":{"start":{"line":111,"column":6},"end":{"line":111,"column":23}},"13":{"start":{"line":112,"column":6},"end":{"line":112,"column":33}},"14":{"start":{"line":113,"column":6},"end":{"line":113,"column":38}},"15":{"start":{"line":114,"column":6},"end":{"line":114,"column":35}},"16":{"start":{"line":115,"column":6},"end":{"line":115,"column":39}},"17":{"start":{"line":116,"column":6},"end":{"line":116,"column":62}},"18":{"start":{"line":117,"column":6},"end":{"line":117,"column":33}},"19":{"start":{"line":118,"column":6},"end":{"line":118,"column":39}},"20":{"start":{"line":119,"column":6},"end":{"line":119,"column":20}},"21":{"start":{"line":120,"column":6},"end":{"line":120,"column":24}},"22":{"start":{"line":123,"column":6},"end":{"line":123,"column":45}},"23":{"start":{"line":132,"column":6},"end":{"line":132,"column":47}},"24":{"start":{"line":141,"column":6},"end":{"line":141,"column":35}},"25":{"start":{"line":142,"column":6},"end":{"line":142,"column":49}},"26":{"start":{"line":143,"column":6},"end":{"line":143,"column":53}},"27":{"start":{"line":156,"column":6},"end":{"line":156,"column":67}},"28":{"start":{"line":157,"column":6},"end":{"line":157,"column":5316}},"29":{"start":{"line":158,"column":8},"end":{"line":158,"column":22}},"30":{"start":{"line":161,"column":6},"end":{"line":161,"column":61}},"31":{"start":{"line":163,"column":6},"end":{"line":163,"column":36}},"32":{"start":{"line":165,"column":6},"end":{"line":165,"column":57}},"33":{"start":{"line":167,"column":6},"end":{"line":167,"column":53}},"34":{"start":{"line":169,"column":6},"end":{"line":169,"column":52}},"35":{"start":{"line":183,"column":6},"end":{"line":183,"column":36}},"36":{"start":{"line":184,"column":6},"end":{"line":184,"column":45}},"37":{"start":{"line":186,"column":6},"end":{"line":186,"column":123}},"38":{"start":{"line":188,"column":6},"end":{"line":188,"column":50}},"39":{"start":{"line":189,"column":6},"end":{"line":189,"column":47}}},"branchMap":{"1":{"line":157,"type":"if","locations":[{"start":{"line":157,"column":6},"end":{"line":157,"column":6}},{"start":{"line":157,"column":6},"end":{"line":157,"column":6}}]},"2":{"line":165,"type":"if","locations":[{"start":{"line":165,"column":6},"end":{"line":165,"column":6}},{"start":{"line":165,"column":6},"end":{"line":165,"column":6}}]},"3":{"line":186,"type":"if","locations":[{"start":{"line":186,"column":6},"end":{"line":186,"column":6}},{"start":{"line":186,"column":6},"end":{"line":186,"column":6}}]}}},"contracts/wrappers/IdleFulcrum.sol":{"l":{"31":27,"32":27,"42":1,"51":1,"65":1,"66":1,"68":1,"95":6,"106":1,"115":1,"116":1,"119":1,"132":3,"133":3,"134":1,"137":2,"139":2,"152":2},"path":"/home/bugman/Projects/idle-contracts/contracts/wrappers/IdleFulcrum.sol","s":{"1":27,"2":27,"3":1,"4":1,"5":1,"6":1,"7":1,"8":6,"9":1,"10":1,"11":1,"12":1,"13":3,"14":3,"15":1,"16":2,"17":2,"18":2},"b":{"1":[1,2]},"f":{"1":27,"2":1,"3":1,"4":1,"5":6,"6":1,"7":1,"8":3,"9":2},"fnMap":{"1":{"name":"constructor","line":30,"loc":{"start":{"line":30,"column":2},"end":{"line":30,"column":57}}},"2":{"name":"setToken","line":40,"loc":{"start":{"line":40,"column":2},"end":{"line":41,"column":24}}},"3":{"name":"setUnderlying","line":49,"loc":{"start":{"line":49,"column":2},"end":{"line":50,"column":24}}},"4":{"name":"nextSupplyRate","line":62,"loc":{"start":{"line":62,"column":2},"end":{"line":64,"column":32}}},"5":{"name":"nextSupplyRateWithParams","line":79,"loc":{"start":{"line":79,"column":2},"end":{"line":81,"column":23}}},"6":{"name":"getPriceInToken","line":103,"loc":{"start":{"line":103,"column":2},"end":{"line":105,"column":23}}},"7":{"name":"getAPR","line":112,"loc":{"start":{"line":112,"column":2},"end":{"line":114,"column":27}}},"8":{"name":"mint","line":129,"loc":{"start":{"line":129,"column":2},"end":{"line":131,"column":31}}},"9":{"name":"redeem","line":149,"loc":{"start":{"line":149,"column":2},"end":{"line":151,"column":30}}}},"statementMap":{"1":{"start":{"line":31,"column":4},"end":{"line":31,"column":17}},"2":{"start":{"line":32,"column":4},"end":{"line":32,"column":27}},"3":{"start":{"line":42,"column":6},"end":{"line":42,"column":19}},"4":{"start":{"line":51,"column":6},"end":{"line":51,"column":29}},"5":{"start":{"line":65,"column":6},"end":{"line":65,"column":49}},"6":{"start":{"line":66,"column":6},"end":{"line":66,"column":54}},"7":{"start":{"line":68,"column":6},"end":{"line":68,"column":69}},"8":{"start":{"line":95,"column":6},"end":{"line":95,"column":3021}},"9":{"start":{"line":106,"column":6},"end":{"line":106,"column":46}},"10":{"start":{"line":115,"column":6},"end":{"line":115,"column":49}},"11":{"start":{"line":116,"column":6},"end":{"line":116,"column":38}},"12":{"start":{"line":119,"column":6},"end":{"line":119,"column":59}},"13":{"start":{"line":132,"column":6},"end":{"line":132,"column":67}},"14":{"start":{"line":133,"column":6},"end":{"line":133,"column":4157}},"15":{"start":{"line":134,"column":8},"end":{"line":134,"column":22}},"16":{"start":{"line":137,"column":6},"end":{"line":137,"column":61}},"17":{"start":{"line":139,"column":6},"end":{"line":139,"column":61}},"18":{"start":{"line":152,"column":6},"end":{"line":152,"column":89}}},"branchMap":{"1":{"line":133,"type":"if","locations":[{"start":{"line":133,"column":6},"end":{"line":133,"column":6}},{"start":{"line":133,"column":6},"end":{"line":133,"column":6}}]}}}}