{"contracts/GST2Consumer.sol":{"l":{"9":0,"10":0,"11":0,"18":0,"19":0,"20":0,"23":0,"24":0,"27":0,"28":0,"31":0,"32":0,"33":0,"35":0},"path":"/home/bugman/Projects/idle-contracts/contracts/GST2Consumer.sol","s":{"1":0,"2":0,"3":0,"4":0,"5":0,"6":0,"7":0,"8":0,"9":0,"10":0,"11":0,"12":0,"13":0},"b":{"1":[0,0],"2":[0,0],"3":[0,0],"4":[0,0]},"f":{"1":0,"2":0},"fnMap":{"1":{"name":"gasDiscountFrom","line":8,"loc":{"start":{"line":8,"column":2},"end":{"line":8,"column":40}}},"2":{"name":"_makeGasDiscount","line":14,"loc":{"start":{"line":14,"column":2},"end":{"line":14,"column":68}}}},"statementMap":{"1":{"start":{"line":9,"column":4},"end":{"line":9,"column":38}},"2":{"start":{"line":11,"column":4},"end":{"line":11,"column":53}},"3":{"start":{"line":18,"column":4},"end":{"line":18,"column":47}},"4":{"start":{"line":19,"column":4},"end":{"line":19,"column":25}},"5":{"start":{"line":20,"column":4},"end":{"line":20,"column":27}},"6":{"start":{"line":23,"column":4},"end":{"line":23,"column":774}},"7":{"start":{"line":24,"column":6},"end":{"line":24,"column":41}},"8":{"start":{"line":27,"column":4},"end":{"line":27,"column":849}},"9":{"start":{"line":28,"column":6},"end":{"line":28,"column":27}},"10":{"start":{"line":31,"column":4},"end":{"line":31,"column":920}},"11":{"start":{"line":32,"column":6},"end":{"line":32,"column":946}},"12":{"start":{"line":33,"column":8},"end":{"line":33,"column":28}},"13":{"start":{"line":35,"column":8},"end":{"line":35,"column":38}}},"branchMap":{"1":{"line":23,"type":"if","locations":[{"start":{"line":23,"column":4},"end":{"line":23,"column":4}},{"start":{"line":23,"column":4},"end":{"line":23,"column":4}}]},"2":{"line":27,"type":"if","locations":[{"start":{"line":27,"column":4},"end":{"line":27,"column":4}},{"start":{"line":27,"column":4},"end":{"line":27,"column":4}}]},"3":{"line":31,"type":"if","locations":[{"start":{"line":31,"column":4},"end":{"line":31,"column":4}},{"start":{"line":31,"column":4},"end":{"line":31,"column":4}}]},"4":{"line":32,"type":"if","locations":[{"start":{"line":32,"column":6},"end":{"line":32,"column":6}},{"start":{"line":32,"column":6},"end":{"line":32,"column":6}}]}}},"contracts/IdleConverter.sol":{"l":{"42":0,"43":0,"45":0,"54":0,"55":0,"57":0,"66":0,"67":0,"69":0,"78":0,"79":0,"81":0,"90":0,"91":0,"93":0,"100":0,"101":0,"102":0,"104":0,"105":0,"138":0},"path":"/home/bugman/Projects/idle-contracts/contracts/IdleConverter.sol","s":{"1":0,"2":0,"3":0,"4":0,"5":0,"6":0,"7":0,"8":0,"9":0,"10":0,"11":0,"12":0,"13":0,"14":0,"15":0,"16":0,"17":0,"18":0,"19":0,"20":0,"21":0},"b":{},"f":{"1":0,"2":0,"3":0,"4":0,"5":0,"6":0,"7":0,"8":0},"fnMap":{"1":{"name":"constructor","line":34,"loc":{"start":{"line":34,"column":2},"end":{"line":34,"column":22}}},"2":{"name":"migrateFromToIdle","line":41,"loc":{"start":{"line":41,"column":2},"end":{"line":41,"column":121}}},"3":{"name":"migrateFromCompoundToIdle","line":53,"loc":{"start":{"line":53,"column":2},"end":{"line":53,"column":129}}},"4":{"name":"migrateFromFulcrumToIdle","line":65,"loc":{"start":{"line":65,"column":2},"end":{"line":65,"column":128}}},"5":{"name":"migrateFromAaveToIdle","line":77,"loc":{"start":{"line":77,"column":2},"end":{"line":77,"column":125}}},"6":{"name":"migrateFromIearnToIdle","line":89,"loc":{"start":{"line":89,"column":2},"end":{"line":89,"column":126}}},"7":{"name":"_migrateToIdle","line":99,"loc":{"start":{"line":99,"column":2},"end":{"line":99,"column":100}}},"8":{"name":"emergencyWithdrawToken","line":137,"loc":{"start":{"line":137,"column":67},"end":{"line":137,"column":3}}}},"statementMap":{"1":{"start":{"line":42,"column":4},"end":{"line":42,"column":71}},"2":{"start":{"line":43,"column":4},"end":{"line":43,"column":69}},"3":{"start":{"line":45,"column":4},"end":{"line":45,"column":43}},"4":{"start":{"line":54,"column":4},"end":{"line":54,"column":71}},"5":{"start":{"line":55,"column":4},"end":{"line":55,"column":32}},"6":{"start":{"line":57,"column":4},"end":{"line":57,"column":43}},"7":{"start":{"line":66,"column":4},"end":{"line":66,"column":71}},"8":{"start":{"line":67,"column":4},"end":{"line":67,"column":52}},"9":{"start":{"line":69,"column":4},"end":{"line":69,"column":43}},"10":{"start":{"line":78,"column":4},"end":{"line":78,"column":71}},"11":{"start":{"line":79,"column":4},"end":{"line":79,"column":32}},"12":{"start":{"line":81,"column":4},"end":{"line":81,"column":43}},"13":{"start":{"line":90,"column":4},"end":{"line":90,"column":71}},"14":{"start":{"line":91,"column":4},"end":{"line":91,"column":34}},"15":{"start":{"line":93,"column":4},"end":{"line":93,"column":43}},"16":{"start":{"line":100,"column":4},"end":{"line":100,"column":76}},"17":{"start":{"line":101,"column":4},"end":{"line":101,"column":54}},"18":{"start":{"line":102,"column":4},"end":{"line":102,"column":69}},"19":{"start":{"line":104,"column":4},"end":{"line":104,"column":55}},"20":{"start":{"line":105,"column":4},"end":{"line":105,"column":56}},"21":{"start":{"line":138,"column":4},"end":{"line":138,"column":85}}},"branchMap":{}},"contracts/IdleFactory.sol":{"l":{"47":124,"53":124,"65":124,"66":116,"68":124,"70":124,"79":55,"81":55,"82":55,"83":55,"84":55,"91":2,"99":0},"path":"/home/bugman/Projects/idle-contracts/contracts/IdleFactory.sol","s":{"1":124,"2":124,"3":124,"4":116,"5":124,"6":124,"7":55,"8":55,"9":55,"10":55,"11":55,"12":2,"13":0},"b":{"1":[124,0],"2":[116,8],"3":[55,0]},"f":{"1":124,"2":55,"3":2,"4":0},"fnMap":{"1":{"name":"newIdleToken","line":46,"loc":{"start":{"line":46,"column":21},"end":{"line":46,"column":20}}},"2":{"name":"setTokenOwnershipAndPauser","line":78,"loc":{"start":{"line":78,"column":75},"end":{"line":78,"column":3}}},"3":{"name":"supportedTokens","line":90,"loc":{"start":{"line":90,"column":2},"end":{"line":90,"column":68}}},"4":{"name":"getIdleTokenAddress","line":98,"loc":{"start":{"line":98,"column":2},"end":{"line":98,"column":82}}}},"statementMap":{"1":{"start":{"line":47,"column":4},"end":{"line":47,"column":1722}},"2":{"start":{"line":53,"column":4},"end":{"line":53,"column":1930}},"3":{"start":{"line":65,"column":4},"end":{"line":65,"column":2189}},"4":{"start":{"line":66,"column":6},"end":{"line":66,"column":33}},"5":{"start":{"line":68,"column":4},"end":{"line":68,"column":56}},"6":{"start":{"line":70,"column":4},"end":{"line":70,"column":29}},"7":{"start":{"line":79,"column":4},"end":{"line":79,"column":60}},"8":{"start":{"line":81,"column":4},"end":{"line":81,"column":47}},"9":{"start":{"line":82,"column":4},"end":{"line":82,"column":42}},"10":{"start":{"line":83,"column":4},"end":{"line":83,"column":34}},"11":{"start":{"line":84,"column":4},"end":{"line":84,"column":29}},"12":{"start":{"line":91,"column":4},"end":{"line":91,"column":26}},"13":{"start":{"line":99,"column":4},"end":{"line":99,"column":48}}},"branchMap":{"1":{"line":47,"type":"if","locations":[{"start":{"line":47,"column":4},"end":{"line":47,"column":4}},{"start":{"line":47,"column":4},"end":{"line":47,"column":4}}]},"2":{"line":65,"type":"if","locations":[{"start":{"line":65,"column":4},"end":{"line":65,"column":4}},{"start":{"line":65,"column":4},"end":{"line":65,"column":4}}]},"3":{"line":79,"type":"if","locations":[{"start":{"line":79,"column":4},"end":{"line":79,"column":4}},{"start":{"line":79,"column":4},"end":{"line":79,"column":4}}]}}},"contracts/IdleFactoryV3.sol":{"l":{"47":0,"53":0,"65":0,"66":0,"68":0,"70":0,"79":0,"81":0,"82":0,"83":0,"84":0,"91":0,"99":0},"path":"/home/bugman/Projects/idle-contracts/contracts/IdleFactoryV3.sol","s":{"1":0,"2":0,"3":0,"4":0,"5":0,"6":0,"7":0,"8":0,"9":0,"10":0,"11":0,"12":0,"13":0},"b":{"1":[0,0],"2":[0,0],"3":[0,0]},"f":{"1":0,"2":0,"3":0,"4":0},"fnMap":{"1":{"name":"newIdleToken","line":46,"loc":{"start":{"line":46,"column":21},"end":{"line":46,"column":20}}},"2":{"name":"setTokenOwnershipAndPauser","line":78,"loc":{"start":{"line":78,"column":75},"end":{"line":78,"column":3}}},"3":{"name":"supportedTokens","line":90,"loc":{"start":{"line":90,"column":2},"end":{"line":90,"column":68}}},"4":{"name":"getIdleTokenAddress","line":98,"loc":{"start":{"line":98,"column":2},"end":{"line":98,"column":82}}}},"statementMap":{"1":{"start":{"line":47,"column":4},"end":{"line":47,"column":1726}},"2":{"start":{"line":53,"column":4},"end":{"line":53,"column":1934}},"3":{"start":{"line":65,"column":4},"end":{"line":65,"column":2197}},"4":{"start":{"line":66,"column":6},"end":{"line":66,"column":33}},"5":{"start":{"line":68,"column":4},"end":{"line":68,"column":56}},"6":{"start":{"line":70,"column":4},"end":{"line":70,"column":29}},"7":{"start":{"line":79,"column":4},"end":{"line":79,"column":60}},"8":{"start":{"line":81,"column":4},"end":{"line":81,"column":51}},"9":{"start":{"line":82,"column":4},"end":{"line":82,"column":42}},"10":{"start":{"line":83,"column":4},"end":{"line":83,"column":34}},"11":{"start":{"line":84,"column":4},"end":{"line":84,"column":29}},"12":{"start":{"line":91,"column":4},"end":{"line":91,"column":26}},"13":{"start":{"line":99,"column":4},"end":{"line":99,"column":48}}},"branchMap":{"1":{"line":47,"type":"if","locations":[{"start":{"line":47,"column":4},"end":{"line":47,"column":4}},{"start":{"line":47,"column":4},"end":{"line":47,"column":4}}]},"2":{"line":65,"type":"if","locations":[{"start":{"line":65,"column":4},"end":{"line":65,"column":4}},{"start":{"line":65,"column":4},"end":{"line":65,"column":4}}]},"3":{"line":79,"type":"if","locations":[{"start":{"line":79,"column":4},"end":{"line":79,"column":4}},{"start":{"line":79,"column":4},"end":{"line":79,"column":4}}]}}},"contracts/IdleMcdBridge.sol":{"l":{"53":0,"54":0,"56":0,"75":0,"76":0,"77":0,"78":0,"79":0,"83":0,"111":0,"112":0,"113":0,"114":0,"115":0,"116":0,"120":0,"142":0,"146":0,"150":0,"154":0,"184":0,"188":0,"191":0,"194":0,"197":0,"200":0,"203":0,"207":0,"210":0,"213":0,"228":0,"229":0,"230":0,"231":0,"232":0,"236":0,"237":0,"238":0,"239":0,"240":0,"254":0,"255":0,"259":0,"260":0,"277":0,"278":0,"279":0,"281":0,"294":0,"298":0,"300":0,"324":0,"325":0,"329":0,"330":0,"332":0,"333":0,"335":0,"337":0,"341":0,"346":0},"path":"/home/bugman/Projects/idle-contracts/contracts/IdleMcdBridge.sol","s":{"1":0,"2":0,"3":0,"4":0,"5":0,"6":0,"7":0,"8":0,"9":0,"10":0,"11":0,"12":0,"13":0,"14":0,"15":0,"16":0,"17":0,"18":0,"19":0,"20":0,"21":0,"22":0,"23":0,"24":0,"25":0,"26":0,"27":0,"28":0,"29":0,"30":0,"31":0,"32":0,"33":0,"34":0,"35":0,"36":0,"37":0,"38":0,"39":0,"40":0,"41":0,"42":0,"43":0,"44":0,"45":0,"46":0,"47":0,"48":0,"49":0,"50":0,"51":0,"52":0,"53":0,"54":0,"55":0,"56":0,"57":0,"58":0,"59":0,"60":0,"61":0,"62":0},"b":{"1":[0,0],"2":[0,0],"3":[0,0],"4":[0,0],"5":[0,0],"6":[0,0],"7":[0,0],"8":[0,0],"9":[0,0]},"f":{"1":0,"2":0,"3":0,"4":0,"5":0,"6":0,"7":0,"8":0,"9":0,"10":0,"11":0,"12":0,"13":0,"14":0,"15":0,"16":0,"17":0,"18":0,"19":0,"20":0,"21":0,"22":0,"23":0,"24":0,"25":0,"26":0,"27":0},"fnMap":{"1":{"name":"balanceOrAmount","line":52,"loc":{"start":{"line":52,"column":4},"end":{"line":52,"column":89}}},"2":{"name":"burn","line":74,"loc":{"start":{"line":74,"column":4},"end":{"line":74,"column":68}}},"3":{"name":"getUnderlying","line":82,"loc":{"start":{"line":82,"column":4},"end":{"line":82,"column":77}}},"4":{"name":"mint","line":110,"loc":{"start":{"line":110,"column":4},"end":{"line":110,"column":109}}},"5":{"name":"getUnderlying","line":119,"loc":{"start":{"line":119,"column":4},"end":{"line":119,"column":77}}},"6":{"name":"lookup","line":141,"loc":{"start":{"line":141,"column":4},"end":{"line":141,"column":69}}},"7":{"name":"lookup","line":145,"loc":{"start":{"line":145,"column":4},"end":{"line":145,"column":66}}},"8":{"name":"setContract","line":149,"loc":{"start":{"line":149,"column":4},"end":{"line":149,"column":76}}},"9":{"name":"setContract","line":153,"loc":{"start":{"line":153,"column":87},"end":{"line":153,"column":3}}},"10":{"name":"lookup","line":183,"loc":{"start":{"line":183,"column":4},"end":{"line":183,"column":69}}},"11":{"name":"dai","line":187,"loc":{"start":{"line":187,"column":4},"end":{"line":187,"column":47}}},"12":{"name":"sai","line":190,"loc":{"start":{"line":190,"column":4},"end":{"line":190,"column":47}}},"13":{"name":"daiMigrationContract","line":193,"loc":{"start":{"line":193,"column":4},"end":{"line":193,"column":64}}},"14":{"name":"cache","line":196,"loc":{"start":{"line":196,"column":4},"end":{"line":196,"column":49}}},"15":{"name":"gateKeeper","line":199,"loc":{"start":{"line":199,"column":4},"end":{"line":199,"column":54}}},"16":{"name":"treasury","line":202,"loc":{"start":{"line":202,"column":4},"end":{"line":202,"column":52}}},"17":{"name":"kyber","line":206,"loc":{"start":{"line":206,"column":4},"end":{"line":206,"column":49}}},"18":{"name":"synthetix","line":209,"loc":{"start":{"line":209,"column":4},"end":{"line":209,"column":53}}},"19":{"name":"synthetixDepot","line":212,"loc":{"start":{"line":212,"column":4},"end":{"line":212,"column":58}}},"20":{"name":"swapSaiToDai","line":227,"loc":{"start":{"line":227,"column":4},"end":{"line":227,"column":49}}},"21":{"name":"swapDaiToSai","line":235,"loc":{"start":{"line":235,"column":4},"end":{"line":235,"column":49}}},"22":{"name":"pull","line":253,"loc":{"start":{"line":253,"column":4},"end":{"line":253,"column":56}}},"23":{"name":"push","line":276,"loc":{"start":{"line":276,"column":4},"end":{"line":276,"column":75}}},"24":{"name":"saveEther","line":293,"loc":{"start":{"line":293,"column":42},"end":{"line":293,"column":3}}},"25":{"name":"saveTokens","line":297,"loc":{"start":{"line":297,"column":57},"end":{"line":297,"column":3}}},"26":{"name":"constructor","line":323,"loc":{"start":{"line":323,"column":4},"end":{"line":323,"column":48}}},"27":{"name":"bridgeIdleV1ToIdleV2","line":328,"loc":{"start":{"line":328,"column":4},"end":{"line":328,"column":126}}}},"statementMap":{"1":{"start":{"line":53,"column":8},"end":{"line":53,"column":1603}},"2":{"start":{"line":54,"column":12},"end":{"line":54,"column":40}},"3":{"start":{"line":56,"column":8},"end":{"line":56,"column":59}},"4":{"start":{"line":75,"column":8},"end":{"line":75,"column":54}},"5":{"start":{"line":76,"column":8},"end":{"line":76,"column":91}},"6":{"start":{"line":77,"column":8},"end":{"line":77,"column":88}},"7":{"start":{"line":78,"column":8},"end":{"line":78,"column":49}},"8":{"start":{"line":79,"column":8},"end":{"line":79,"column":142}},"9":{"start":{"line":83,"column":8},"end":{"line":83,"column":49}},"10":{"start":{"line":111,"column":8},"end":{"line":111,"column":54}},"11":{"start":{"line":112,"column":8},"end":{"line":112,"column":48}},"12":{"start":{"line":113,"column":8},"end":{"line":113,"column":62}},"13":{"start":{"line":114,"column":8},"end":{"line":114,"column":47}},"14":{"start":{"line":115,"column":8},"end":{"line":115,"column":62}},"15":{"start":{"line":116,"column":8},"end":{"line":116,"column":133}},"16":{"start":{"line":120,"column":8},"end":{"line":120,"column":49}},"17":{"start":{"line":142,"column":8},"end":{"line":142,"column":37}},"18":{"start":{"line":146,"column":8},"end":{"line":146,"column":60}},"19":{"start":{"line":150,"column":8},"end":{"line":150,"column":72}},"20":{"start":{"line":154,"column":8},"end":{"line":154,"column":48}},"21":{"start":{"line":184,"column":8},"end":{"line":184,"column":43}},"22":{"start":{"line":188,"column":8},"end":{"line":188,"column":19}},"23":{"start":{"line":191,"column":8},"end":{"line":191,"column":19}},"24":{"start":{"line":194,"column":8},"end":{"line":194,"column":36}},"25":{"start":{"line":197,"column":8},"end":{"line":197,"column":21}},"26":{"start":{"line":200,"column":8},"end":{"line":200,"column":26}},"27":{"start":{"line":203,"column":8},"end":{"line":203,"column":24}},"28":{"start":{"line":207,"column":8},"end":{"line":207,"column":21}},"29":{"start":{"line":210,"column":8},"end":{"line":210,"column":25}},"30":{"start":{"line":213,"column":8},"end":{"line":213,"column":30}},"31":{"start":{"line":228,"column":8},"end":{"line":228,"column":48}},"32":{"start":{"line":229,"column":8},"end":{"line":229,"column":102}},"33":{"start":{"line":230,"column":8},"end":{"line":230,"column":60}},"34":{"start":{"line":231,"column":8},"end":{"line":231,"column":57}},"35":{"start":{"line":232,"column":8},"end":{"line":232,"column":48}},"36":{"start":{"line":236,"column":8},"end":{"line":236,"column":48}},"37":{"start":{"line":237,"column":8},"end":{"line":237,"column":102}},"38":{"start":{"line":238,"column":8},"end":{"line":238,"column":60}},"39":{"start":{"line":239,"column":8},"end":{"line":239,"column":57}},"40":{"start":{"line":240,"column":8},"end":{"line":240,"column":48}},"41":{"start":{"line":254,"column":8},"end":{"line":254,"column":8133}},"42":{"start":{"line":255,"column":12},"end":{"line":255,"column":81}},"43":{"start":{"line":259,"column":8},"end":{"line":259,"column":115}},"44":{"start":{"line":260,"column":8},"end":{"line":260,"column":107}},"45":{"start":{"line":277,"column":8},"end":{"line":277,"column":63}},"46":{"start":{"line":278,"column":8},"end":{"line":278,"column":8967}},"47":{"start":{"line":279,"column":12},"end":{"line":279,"column":49}},"48":{"start":{"line":281,"column":8},"end":{"line":281,"column":41}},"49":{"start":{"line":294,"column":8},"end":{"line":294,"column":49}},"50":{"start":{"line":298,"column":8},"end":{"line":298,"column":37}},"51":{"start":{"line":300,"column":8},"end":{"line":300,"column":69}},"52":{"start":{"line":324,"column":8},"end":{"line":324,"column":17}},"53":{"start":{"line":325,"column":8},"end":{"line":325,"column":17}},"54":{"start":{"line":329,"column":8},"end":{"line":329,"column":45}},"55":{"start":{"line":330,"column":8},"end":{"line":330,"column":39}},"56":{"start":{"line":332,"column":8},"end":{"line":332,"column":63}},"57":{"start":{"line":333,"column":8},"end":{"line":333,"column":63}},"58":{"start":{"line":335,"column":8},"end":{"line":335,"column":10268}},"59":{"start":{"line":337,"column":12},"end":{"line":337,"column":48}},"60":{"start":{"line":339,"column":15},"end":{"line":339,"column":10418}},"61":{"start":{"line":341,"column":12},"end":{"line":341,"column":48}},"62":{"start":{"line":346,"column":8},"end":{"line":346,"column":59}}},"branchMap":{"1":{"line":53,"type":"if","locations":[{"start":{"line":53,"column":8},"end":{"line":53,"column":8}},{"start":{"line":53,"column":8},"end":{"line":53,"column":8}}]},"2":{"line":79,"type":"if","locations":[{"start":{"line":79,"column":8},"end":{"line":79,"column":8}},{"start":{"line":79,"column":8},"end":{"line":79,"column":8}}]},"3":{"line":116,"type":"if","locations":[{"start":{"line":116,"column":8},"end":{"line":116,"column":8}},{"start":{"line":116,"column":8},"end":{"line":116,"column":8}}]},"4":{"line":254,"type":"if","locations":[{"start":{"line":254,"column":8},"end":{"line":254,"column":8}},{"start":{"line":254,"column":8},"end":{"line":254,"column":8}}]},"5":{"line":255,"type":"if","locations":[{"start":{"line":255,"column":12},"end":{"line":255,"column":12}},{"start":{"line":255,"column":12},"end":{"line":255,"column":12}}]},"6":{"line":260,"type":"if","locations":[{"start":{"line":260,"column":8},"end":{"line":260,"column":8}},{"start":{"line":260,"column":8},"end":{"line":260,"column":8}}]},"7":{"line":278,"type":"if","locations":[{"start":{"line":278,"column":8},"end":{"line":278,"column":8}},{"start":{"line":278,"column":8},"end":{"line":278,"column":8}}]},"8":{"line":335,"type":"if","locations":[{"start":{"line":335,"column":8},"end":{"line":335,"column":8}},{"start":{"line":335,"column":8},"end":{"line":335,"column":8}}]},"9":{"line":339,"type":"if","locations":[{"start":{"line":339,"column":15},"end":{"line":339,"column":15}},{"start":{"line":339,"column":15},"end":{"line":339,"column":15}}]}}},"contracts/IdlePriceCalculator.sol":{"l":{"31":116,"33":116,"34":52,"37":64,"38":64,"39":64,"41":64,"42":217,"44":217,"45":217,"48":64},"path":"/home/bugman/Projects/idle-contracts/contracts/IdlePriceCalculator.sol","s":{"1":116,"2":116,"3":52,"4":64,"5":64,"6":64,"7":64,"8":217,"9":217,"10":217,"11":64},"b":{"1":[116,0],"2":[52,64]},"f":{"1":116},"fnMap":{"1":{"name":"tokenPrice","line":23,"loc":{"start":{"line":23,"column":2},"end":{"line":30,"column":29}}}},"statementMap":{"1":{"start":{"line":31,"column":6},"end":{"line":31,"column":94}},"2":{"start":{"line":33,"column":6},"end":{"line":33,"column":994}},"3":{"start":{"line":34,"column":8},"end":{"line":34,"column":58}},"4":{"start":{"line":37,"column":6},"end":{"line":37,"column":23}},"5":{"start":{"line":38,"column":6},"end":{"line":38,"column":21}},"6":{"start":{"line":39,"column":6},"end":{"line":39,"column":20}},"7":{"start":{"line":41,"column":6},"end":{"line":41,"column":1164}},"8":{"start":{"line":42,"column":8},"end":{"line":42,"column":83}},"9":{"start":{"line":44,"column":8},"end":{"line":44,"column":81}},"10":{"start":{"line":45,"column":8},"end":{"line":45,"column":35}},"11":{"start":{"line":48,"column":6},"end":{"line":48,"column":36}}},"branchMap":{"1":{"line":31,"type":"if","locations":[{"start":{"line":31,"column":6},"end":{"line":31,"column":6}},{"start":{"line":31,"column":6},"end":{"line":31,"column":6}}]},"2":{"line":33,"type":"if","locations":[{"start":{"line":33,"column":6},"end":{"line":33,"column":6}},{"start":{"line":33,"column":6},"end":{"line":33,"column":6}}]}}},"contracts/IdleRebalancer.sol":{"l":{"47":24,"49":24,"50":24,"51":24,"52":24,"53":24,"54":24,"55":24,"56":24,"63":3,"64":3,"76":26,"77":24,"78":24,"88":1,"89":1,"98":1,"107":1,"117":1,"137":3,"138":3,"139":3,"140":3,"141":3,"142":3,"143":3,"144":3,"145":3,"146":3,"147":3,"148":3,"151":3,"152":3,"153":3,"154":3,"155":3,"157":3,"158":3,"159":3,"162":3,"163":2,"164":2,"165":0,"185":3,"190":3,"201":3,"226":2,"229":2,"230":2,"231":4,"236":2,"238":2,"241":0,"244":0,"245":0,"251":0,"254":0,"255":0,"257":0,"260":0,"261":0,"262":0,"264":0,"293":6,"294":6,"300":6,"304":6,"305":6,"308":6,"312":6,"317":3,"318":3,"319":3,"320":3,"323":3},"path":"/home/bugman/Projects/idle-contracts/contracts/IdleRebalancer.sol","s":{"1":24,"2":24,"3":24,"4":24,"5":24,"6":24,"7":24,"8":24,"9":24,"10":3,"11":26,"12":24,"13":24,"14":1,"15":1,"16":1,"17":1,"18":1,"19":3,"20":3,"21":3,"22":3,"23":3,"24":3,"25":3,"26":3,"27":3,"28":3,"29":3,"30":3,"31":3,"32":3,"33":3,"34":3,"35":3,"36":3,"37":3,"38":3,"39":3,"40":2,"41":2,"42":0,"43":3,"44":3,"45":3,"46":2,"47":2,"48":2,"49":4,"50":2,"51":2,"52":0,"53":0,"54":0,"55":0,"56":0,"57":0,"58":0,"59":0,"60":0,"61":0,"62":0,"63":6,"64":6,"65":6,"66":6,"67":6,"68":6,"69":6,"70":3,"71":3,"72":3,"73":3,"74":3},"b":{"1":[24,0],"2":[3,0],"3":[24,2],"4":[24,0],"5":[1,0],"6":[2,1],"7":[0,2],"8":[2,0],"9":[3,3]},"f":{"1":24,"2":3,"3":26,"4":1,"5":1,"6":1,"7":1,"8":3,"9":2,"10":6},"fnMap":{"1":{"name":"constructor","line":46,"loc":{"start":{"line":46,"column":2},"end":{"line":46,"column":92}}},"2":{"name":"onlyIdle","line":62,"loc":{"start":{"line":62,"column":2},"end":{"line":62,"column":21}}},"3":{"name":"setIdleToken","line":75,"loc":{"start":{"line":75,"column":21},"end":{"line":75,"column":3}}},"4":{"name":"setBlocksPerYear","line":87,"loc":{"start":{"line":87,"column":21},"end":{"line":87,"column":3}}},"5":{"name":"setMaxIterations","line":97,"loc":{"start":{"line":97,"column":21},"end":{"line":97,"column":3}}},"6":{"name":"setMaxRateDifference","line":106,"loc":{"start":{"line":106,"column":21},"end":{"line":106,"column":3}}},"7":{"name":"setMaxSupplyedParamsDifference","line":116,"loc":{"start":{"line":116,"column":21},"end":{"line":116,"column":3}}},"8":{"name":"calcRebalanceAmounts","line":133,"loc":{"start":{"line":133,"column":25},"end":{"line":135,"column":3}}},"9":{"name":"checkRebalanceAmounts","line":217,"loc":{"start":{"line":217,"column":2},"end":{"line":224,"column":3}}},"10":{"name":"bisectionRec","line":283,"loc":{"start":{"line":283,"column":2},"end":{"line":290,"column":40}}}},"statementMap":{"1":{"start":{"line":47,"column":4},"end":{"line":47,"column":130}},"2":{"start":{"line":49,"column":4},"end":{"line":49,"column":19}},"3":{"start":{"line":50,"column":4},"end":{"line":50,"column":19}},"4":{"start":{"line":51,"column":4},"end":{"line":51,"column":23}},"5":{"start":{"line":52,"column":4},"end":{"line":52,"column":23}},"6":{"start":{"line":53,"column":4},"end":{"line":53,"column":29}},"7":{"start":{"line":54,"column":4},"end":{"line":54,"column":39}},"8":{"start":{"line":55,"column":4},"end":{"line":55,"column":21}},"9":{"start":{"line":56,"column":4},"end":{"line":56,"column":26}},"10":{"start":{"line":63,"column":4},"end":{"line":63,"column":80}},"11":{"start":{"line":76,"column":6},"end":{"line":76,"column":67}},"12":{"start":{"line":77,"column":6},"end":{"line":77,"column":62}},"13":{"start":{"line":78,"column":6},"end":{"line":78,"column":27}},"14":{"start":{"line":88,"column":6},"end":{"line":88,"column":56}},"15":{"start":{"line":89,"column":6},"end":{"line":89,"column":35}},"16":{"start":{"line":98,"column":6},"end":{"line":98,"column":35}},"17":{"start":{"line":107,"column":6},"end":{"line":107,"column":39}},"18":{"start":{"line":117,"column":6},"end":{"line":117,"column":63}},"19":{"start":{"line":137,"column":4},"end":{"line":137,"column":35}},"20":{"start":{"line":138,"column":4},"end":{"line":138,"column":96}},"21":{"start":{"line":139,"column":4},"end":{"line":139,"column":55}},"22":{"start":{"line":140,"column":4},"end":{"line":140,"column":29}},"23":{"start":{"line":141,"column":4},"end":{"line":141,"column":39}},"24":{"start":{"line":142,"column":4},"end":{"line":142,"column":45}},"25":{"start":{"line":143,"column":4},"end":{"line":143,"column":41}},"26":{"start":{"line":144,"column":4},"end":{"line":144,"column":46}},"27":{"start":{"line":145,"column":4},"end":{"line":145,"column":77}},"28":{"start":{"line":146,"column":4},"end":{"line":146,"column":40}},"29":{"start":{"line":147,"column":4},"end":{"line":147,"column":36}},"30":{"start":{"line":148,"column":4},"end":{"line":148,"column":26}},"31":{"start":{"line":151,"column":4},"end":{"line":151,"column":49}},"32":{"start":{"line":152,"column":4},"end":{"line":152,"column":53}},"33":{"start":{"line":153,"column":4},"end":{"line":153,"column":52}},"34":{"start":{"line":154,"column":4},"end":{"line":154,"column":48}},"35":{"start":{"line":155,"column":4},"end":{"line":155,"column":48}},"36":{"start":{"line":157,"column":4},"end":{"line":157,"column":36}},"37":{"start":{"line":158,"column":4},"end":{"line":158,"column":29}},"38":{"start":{"line":159,"column":4},"end":{"line":159,"column":29}},"39":{"start":{"line":162,"column":4},"end":{"line":162,"column":6188}},"40":{"start":{"line":163,"column":6},"end":{"line":163,"column":136}},"41":{"start":{"line":164,"column":6},"end":{"line":164,"column":6370}},"42":{"start":{"line":165,"column":8},"end":{"line":165,"column":47}},"43":{"start":{"line":185,"column":4},"end":{"line":185,"column":6977}},"44":{"start":{"line":190,"column":4},"end":{"line":190,"column":7232}},"45":{"start":{"line":201,"column":4},"end":{"line":201,"column":36}},"46":{"start":{"line":226,"column":4},"end":{"line":226,"column":59}},"47":{"start":{"line":229,"column":4},"end":{"line":229,"column":31}},"48":{"start":{"line":230,"column":4},"end":{"line":230,"column":8954}},"49":{"start":{"line":231,"column":6},"end":{"line":231,"column":70}},"50":{"start":{"line":236,"column":4},"end":{"line":236,"column":9260}},"51":{"start":{"line":238,"column":6},"end":{"line":238,"column":38}},"52":{"start":{"line":241,"column":4},"end":{"line":241,"column":86}},"53":{"start":{"line":244,"column":4},"end":{"line":244,"column":74}},"54":{"start":{"line":245,"column":4},"end":{"line":245,"column":99}},"55":{"start":{"line":251,"column":4},"end":{"line":251,"column":10178}},"56":{"start":{"line":254,"column":4},"end":{"line":254,"column":94}},"57":{"start":{"line":255,"column":4},"end":{"line":255,"column":53}},"58":{"start":{"line":257,"column":4},"end":{"line":257,"column":10619}},"59":{"start":{"line":260,"column":4},"end":{"line":260,"column":52}},"60":{"start":{"line":261,"column":4},"end":{"line":261,"column":38}},"61":{"start":{"line":262,"column":4},"end":{"line":262,"column":37}},"62":{"start":{"line":264,"column":4},"end":{"line":264,"column":38}},"63":{"start":{"line":293,"column":4},"end":{"line":293,"column":37}},"64":{"start":{"line":294,"column":4},"end":{"line":294,"column":35}},"65":{"start":{"line":300,"column":4},"end":{"line":300,"column":12618}},"66":{"start":{"line":304,"column":4},"end":{"line":304,"column":94}},"67":{"start":{"line":305,"column":4},"end":{"line":305,"column":53}},"68":{"start":{"line":308,"column":4},"end":{"line":308,"column":96}},"69":{"start":{"line":312,"column":4},"end":{"line":312,"column":13172}},"70":{"start":{"line":317,"column":6},"end":{"line":317,"column":31}},"71":{"start":{"line":318,"column":6},"end":{"line":318,"column":32}},"72":{"start":{"line":319,"column":6},"end":{"line":319,"column":31}},"73":{"start":{"line":320,"column":6},"end":{"line":320,"column":20}},"74":{"start":{"line":323,"column":4},"end":{"line":323,"column":13497}}},"branchMap":{"1":{"line":47,"type":"if","locations":[{"start":{"line":47,"column":4},"end":{"line":47,"column":4}},{"start":{"line":47,"column":4},"end":{"line":47,"column":4}}]},"2":{"line":63,"type":"if","locations":[{"start":{"line":63,"column":4},"end":{"line":63,"column":4}},{"start":{"line":63,"column":4},"end":{"line":63,"column":4}}]},"3":{"line":76,"type":"if","locations":[{"start":{"line":76,"column":6},"end":{"line":76,"column":6}},{"start":{"line":76,"column":6},"end":{"line":76,"column":6}}]},"4":{"line":77,"type":"if","locations":[{"start":{"line":77,"column":6},"end":{"line":77,"column":6}},{"start":{"line":77,"column":6},"end":{"line":77,"column":6}}]},"5":{"line":88,"type":"if","locations":[{"start":{"line":88,"column":6},"end":{"line":88,"column":6}},{"start":{"line":88,"column":6},"end":{"line":88,"column":6}}]},"6":{"line":162,"type":"if","locations":[{"start":{"line":162,"column":4},"end":{"line":162,"column":4}},{"start":{"line":162,"column":4},"end":{"line":162,"column":4}}]},"7":{"line":164,"type":"if","locations":[{"start":{"line":164,"column":6},"end":{"line":164,"column":6}},{"start":{"line":164,"column":6},"end":{"line":164,"column":6}}]},"8":{"line":236,"type":"if","locations":[{"start":{"line":236,"column":4},"end":{"line":236,"column":4}},{"start":{"line":236,"column":4},"end":{"line":236,"column":4}}]},"9":{"line":312,"type":"if","locations":[{"start":{"line":312,"column":4},"end":{"line":312,"column":4}},{"start":{"line":312,"column":4},"end":{"line":312,"column":4}}]}}},"contracts/IdleRebalancerManaged.sol":{"l":{"35":0,"37":0,"38":0,"39":0,"41":0,"48":0,"49":0,"55":0,"56":0,"68":0,"69":0,"70":0,"79":0,"91":0,"93":0,"94":0,"95":0,"112":0,"114":0,"115":0,"116":0,"117":0,"119":0,"120":0,"121":0,"122":0,"124":0},"path":"/home/bugman/Projects/idle-contracts/contracts/IdleRebalancerManaged.sol","s":{"1":0,"2":0,"3":0,"4":0,"5":0,"6":0,"7":0,"8":0,"9":0,"10":0,"11":0,"12":0,"13":0,"14":0,"15":0,"16":0,"17":0,"18":0,"19":0,"20":0,"21":0,"22":0,"23":0,"24":0,"25":0},"b":{"1":[0,0],"2":[0,0],"3":[0,0],"4":[0,0],"5":[0,0],"6":[0,0]},"f":{"1":0,"2":0,"3":0,"4":0,"5":0,"6":0,"7":0},"fnMap":{"1":{"name":"constructor","line":34,"loc":{"start":{"line":34,"column":2},"end":{"line":34,"column":71}}},"2":{"name":"onlyIdle","line":47,"loc":{"start":{"line":47,"column":2},"end":{"line":47,"column":21}}},"3":{"name":"onlyRebalancer","line":54,"loc":{"start":{"line":54,"column":2},"end":{"line":54,"column":27}}},"4":{"name":"setIdleToken","line":67,"loc":{"start":{"line":67,"column":21},"end":{"line":67,"column":3}}},"5":{"name":"setRebalancerManager","line":78,"loc":{"start":{"line":78,"column":21},"end":{"line":78,"column":3}}},"6":{"name":"setAllocations","line":89,"loc":{"start":{"line":89,"column":26},"end":{"line":90,"column":3}}},"7":{"name":"calcRebalanceAmounts","line":109,"loc":{"start":{"line":109,"column":25},"end":{"line":111,"column":3}}}},"statementMap":{"1":{"start":{"line":35,"column":4},"end":{"line":35,"column":101}},"2":{"start":{"line":37,"column":4},"end":{"line":37,"column":19}},"3":{"start":{"line":38,"column":4},"end":{"line":38,"column":19}},"4":{"start":{"line":39,"column":4},"end":{"line":39,"column":19}},"5":{"start":{"line":41,"column":4},"end":{"line":41,"column":30}},"6":{"start":{"line":48,"column":4},"end":{"line":48,"column":80}},"7":{"start":{"line":55,"column":4},"end":{"line":55,"column":62}},"8":{"start":{"line":68,"column":6},"end":{"line":68,"column":67}},"9":{"start":{"line":69,"column":6},"end":{"line":69,"column":62}},"10":{"start":{"line":70,"column":6},"end":{"line":70,"column":27}},"11":{"start":{"line":79,"column":6},"end":{"line":79,"column":43}},"12":{"start":{"line":91,"column":4},"end":{"line":91,"column":101}},"13":{"start":{"line":93,"column":4},"end":{"line":93,"column":35}},"14":{"start":{"line":94,"column":4},"end":{"line":94,"column":35}},"15":{"start":{"line":95,"column":4},"end":{"line":95,"column":35}},"16":{"start":{"line":112,"column":4},"end":{"line":112,"column":54}},"17":{"start":{"line":114,"column":4},"end":{"line":114,"column":36}},"18":{"start":{"line":115,"column":4},"end":{"line":115,"column":29}},"19":{"start":{"line":116,"column":4},"end":{"line":116,"column":29}},"20":{"start":{"line":117,"column":4},"end":{"line":117,"column":29}},"21":{"start":{"line":119,"column":4},"end":{"line":119,"column":29}},"22":{"start":{"line":120,"column":4},"end":{"line":120,"column":67}},"23":{"start":{"line":121,"column":4},"end":{"line":121,"column":67}},"24":{"start":{"line":122,"column":4},"end":{"line":122,"column":68}},"25":{"start":{"line":124,"column":4},"end":{"line":124,"column":36}}},"branchMap":{"1":{"line":35,"type":"if","locations":[{"start":{"line":35,"column":4},"end":{"line":35,"column":4}},{"start":{"line":35,"column":4},"end":{"line":35,"column":4}}]},"2":{"line":48,"type":"if","locations":[{"start":{"line":48,"column":4},"end":{"line":48,"column":4}},{"start":{"line":48,"column":4},"end":{"line":48,"column":4}}]},"3":{"line":55,"type":"if","locations":[{"start":{"line":55,"column":4},"end":{"line":55,"column":4}},{"start":{"line":55,"column":4},"end":{"line":55,"column":4}}]},"4":{"line":68,"type":"if","locations":[{"start":{"line":68,"column":6},"end":{"line":68,"column":6}},{"start":{"line":68,"column":6},"end":{"line":68,"column":6}}]},"5":{"line":69,"type":"if","locations":[{"start":{"line":69,"column":6},"end":{"line":69,"column":6}},{"start":{"line":69,"column":6},"end":{"line":69,"column":6}}]},"6":{"line":91,"type":"if","locations":[{"start":{"line":91,"column":4},"end":{"line":91,"column":4}},{"start":{"line":91,"column":4},"end":{"line":91,"column":4}}]}}},"contracts/IdleRebalancerManagedSAI.sol":{"l":{"32":7,"34":7,"35":7,"37":7,"44":2,"45":2,"51":6,"52":4,"64":9,"65":7,"66":7,"75":8,"87":4,"89":2,"90":2,"107":2,"109":2,"110":2,"111":2,"113":2,"114":2,"115":2,"117":2},"path":"/home/bugman/Projects/idle-contracts/contracts/IdleRebalancerManagedSAI.sol","s":{"1":7,"2":7,"3":7,"4":7,"5":2,"6":6,"7":9,"8":7,"9":7,"10":8,"11":4,"12":2,"13":2,"14":2,"15":2,"16":2,"17":2,"18":2,"19":2,"20":2,"21":2},"b":{"1":[7,0],"2":[2,0],"3":[4,2],"4":[7,2],"5":[7,0],"6":[2,2]},"f":{"1":7,"2":2,"3":6,"4":9,"5":8,"6":4,"7":2},"fnMap":{"1":{"name":"constructor","line":31,"loc":{"start":{"line":31,"column":2},"end":{"line":31,"column":54}}},"2":{"name":"onlyIdle","line":43,"loc":{"start":{"line":43,"column":2},"end":{"line":43,"column":21}}},"3":{"name":"onlyRebalancer","line":50,"loc":{"start":{"line":50,"column":2},"end":{"line":50,"column":27}}},"4":{"name":"setIdleToken","line":63,"loc":{"start":{"line":63,"column":21},"end":{"line":63,"column":3}}},"5":{"name":"setRebalancerManager","line":74,"loc":{"start":{"line":74,"column":21},"end":{"line":74,"column":3}}},"6":{"name":"setAllocations","line":85,"loc":{"start":{"line":85,"column":26},"end":{"line":86,"column":3}}},"7":{"name":"calcRebalanceAmounts","line":104,"loc":{"start":{"line":104,"column":25},"end":{"line":106,"column":3}}}},"statementMap":{"1":{"start":{"line":32,"column":4},"end":{"line":32,"column":76}},"2":{"start":{"line":34,"column":4},"end":{"line":34,"column":19}},"3":{"start":{"line":35,"column":4},"end":{"line":35,"column":19}},"4":{"start":{"line":37,"column":4},"end":{"line":37,"column":27}},"5":{"start":{"line":44,"column":4},"end":{"line":44,"column":80}},"6":{"start":{"line":51,"column":4},"end":{"line":51,"column":62}},"7":{"start":{"line":64,"column":6},"end":{"line":64,"column":67}},"8":{"start":{"line":65,"column":6},"end":{"line":65,"column":62}},"9":{"start":{"line":66,"column":6},"end":{"line":66,"column":27}},"10":{"start":{"line":75,"column":6},"end":{"line":75,"column":43}},"11":{"start":{"line":87,"column":4},"end":{"line":87,"column":80}},"12":{"start":{"line":89,"column":4},"end":{"line":89,"column":35}},"13":{"start":{"line":90,"column":4},"end":{"line":90,"column":35}},"14":{"start":{"line":107,"column":4},"end":{"line":107,"column":54}},"15":{"start":{"line":109,"column":4},"end":{"line":109,"column":36}},"16":{"start":{"line":110,"column":4},"end":{"line":110,"column":29}},"17":{"start":{"line":111,"column":4},"end":{"line":111,"column":29}},"18":{"start":{"line":113,"column":4},"end":{"line":113,"column":29}},"19":{"start":{"line":114,"column":4},"end":{"line":114,"column":67}},"20":{"start":{"line":115,"column":4},"end":{"line":115,"column":67}},"21":{"start":{"line":117,"column":4},"end":{"line":117,"column":36}}},"branchMap":{"1":{"line":32,"type":"if","locations":[{"start":{"line":32,"column":4},"end":{"line":32,"column":4}},{"start":{"line":32,"column":4},"end":{"line":32,"column":4}}]},"2":{"line":44,"type":"if","locations":[{"start":{"line":44,"column":4},"end":{"line":44,"column":4}},{"start":{"line":44,"column":4},"end":{"line":44,"column":4}}]},"3":{"line":51,"type":"if","locations":[{"start":{"line":51,"column":4},"end":{"line":51,"column":4}},{"start":{"line":51,"column":4},"end":{"line":51,"column":4}}]},"4":{"line":64,"type":"if","locations":[{"start":{"line":64,"column":6},"end":{"line":64,"column":6}},{"start":{"line":64,"column":6},"end":{"line":64,"column":6}}]},"5":{"line":65,"type":"if","locations":[{"start":{"line":65,"column":6},"end":{"line":65,"column":6}},{"start":{"line":65,"column":6},"end":{"line":65,"column":6}}]},"6":{"line":87,"type":"if","locations":[{"start":{"line":87,"column":4},"end":{"line":87,"column":4}},{"start":{"line":87,"column":4},"end":{"line":87,"column":4}}]}}},"contracts/IdleRebalancerV2.sol":{"l":{"47":0,"49":0,"50":0,"51":0,"52":0,"53":0,"54":0,"55":0,"56":0,"63":0,"64":0,"76":0,"77":0,"78":0,"88":0,"89":0,"98":0,"107":0,"116":0,"136":0,"138":0,"139":0,"140":0,"141":0,"142":0,"143":0,"146":0,"147":0,"148":0,"149":0,"151":0,"152":0,"153":0,"156":0,"157":0,"158":0,"159":0,"179":0,"184":0,"195":0,"220":0,"223":0,"224":0,"225":0,"230":0,"232":0,"235":0,"238":0,"239":0,"242":0,"243":0,"244":0,"246":0,"249":0,"250":0,"251":0,"253":0,"282":0,"283":0,"286":0,"287":0,"288":0,"291":0,"295":0,"300":0,"301":0,"302":0,"303":0,"306":0},"path":"/home/bugman/Projects/idle-contracts/contracts/IdleRebalancerV2.sol","s":{"1":0,"2":0,"3":0,"4":0,"5":0,"6":0,"7":0,"8":0,"9":0,"10":0,"11":0,"12":0,"13":0,"14":0,"15":0,"16":0,"17":0,"18":0,"19":0,"20":0,"21":0,"22":0,"23":0,"24":0,"25":0,"26":0,"27":0,"28":0,"29":0,"30":0,"31":0,"32":0,"33":0,"34":0,"35":0,"36":0,"37":0,"38":0,"39":0,"40":0,"41":0,"42":0,"43":0,"44":0,"45":0,"46":0,"47":0,"48":0,"49":0,"50":0,"51":0,"52":0,"53":0,"54":0,"55":0,"56":0,"57":0,"58":0,"59":0,"60":0,"61":0,"62":0,"63":0,"64":0,"65":0,"66":0,"67":0,"68":0},"b":{"1":[0,0],"2":[0,0],"3":[0,0],"4":[0,0],"5":[0,0],"6":[0,0],"7":[0,0],"8":[0,0],"9":[0,0]},"f":{"1":0,"2":0,"3":0,"4":0,"5":0,"6":0,"7":0,"8":0,"9":0,"10":0},"fnMap":{"1":{"name":"constructor","line":46,"loc":{"start":{"line":46,"column":2},"end":{"line":46,"column":92}}},"2":{"name":"onlyIdle","line":62,"loc":{"start":{"line":62,"column":2},"end":{"line":62,"column":21}}},"3":{"name":"setIdleToken","line":75,"loc":{"start":{"line":75,"column":21},"end":{"line":75,"column":3}}},"4":{"name":"setBlocksPerYear","line":87,"loc":{"start":{"line":87,"column":21},"end":{"line":87,"column":3}}},"5":{"name":"setMaxIterations","line":97,"loc":{"start":{"line":97,"column":21},"end":{"line":97,"column":3}}},"6":{"name":"setMaxRateDifference","line":106,"loc":{"start":{"line":106,"column":21},"end":{"line":106,"column":3}}},"7":{"name":"setMaxSupplyedParamsDifference","line":115,"loc":{"start":{"line":115,"column":21},"end":{"line":115,"column":3}}},"8":{"name":"calcRebalanceAmounts","line":132,"loc":{"start":{"line":132,"column":25},"end":{"line":134,"column":3}}},"9":{"name":"checkRebalanceAmounts","line":211,"loc":{"start":{"line":211,"column":2},"end":{"line":218,"column":3}}},"10":{"name":"bisectionRec","line":272,"loc":{"start":{"line":272,"column":2},"end":{"line":279,"column":40}}}},"statementMap":{"1":{"start":{"line":47,"column":4},"end":{"line":47,"column":130}},"2":{"start":{"line":49,"column":4},"end":{"line":49,"column":19}},"3":{"start":{"line":50,"column":4},"end":{"line":50,"column":19}},"4":{"start":{"line":51,"column":4},"end":{"line":51,"column":23}},"5":{"start":{"line":52,"column":4},"end":{"line":52,"column":23}},"6":{"start":{"line":53,"column":4},"end":{"line":53,"column":29}},"7":{"start":{"line":54,"column":4},"end":{"line":54,"column":39}},"8":{"start":{"line":55,"column":4},"end":{"line":55,"column":21}},"9":{"start":{"line":56,"column":4},"end":{"line":56,"column":26}},"10":{"start":{"line":63,"column":4},"end":{"line":63,"column":80}},"11":{"start":{"line":76,"column":6},"end":{"line":76,"column":67}},"12":{"start":{"line":77,"column":6},"end":{"line":77,"column":62}},"13":{"start":{"line":78,"column":6},"end":{"line":78,"column":27}},"14":{"start":{"line":88,"column":6},"end":{"line":88,"column":56}},"15":{"start":{"line":89,"column":6},"end":{"line":89,"column":35}},"16":{"start":{"line":98,"column":6},"end":{"line":98,"column":35}},"17":{"start":{"line":107,"column":6},"end":{"line":107,"column":39}},"18":{"start":{"line":116,"column":6},"end":{"line":116,"column":63}},"19":{"start":{"line":136,"column":4},"end":{"line":136,"column":35}},"20":{"start":{"line":138,"column":4},"end":{"line":138,"column":54}},"21":{"start":{"line":139,"column":4},"end":{"line":139,"column":45}},"22":{"start":{"line":140,"column":4},"end":{"line":140,"column":40}},"23":{"start":{"line":141,"column":4},"end":{"line":141,"column":46}},"24":{"start":{"line":142,"column":4},"end":{"line":142,"column":54}},"25":{"start":{"line":143,"column":4},"end":{"line":143,"column":36}},"26":{"start":{"line":146,"column":4},"end":{"line":146,"column":49}},"27":{"start":{"line":147,"column":4},"end":{"line":147,"column":53}},"28":{"start":{"line":148,"column":4},"end":{"line":148,"column":48}},"29":{"start":{"line":149,"column":4},"end":{"line":149,"column":48}},"30":{"start":{"line":151,"column":4},"end":{"line":151,"column":36}},"31":{"start":{"line":152,"column":4},"end":{"line":152,"column":29}},"32":{"start":{"line":153,"column":4},"end":{"line":153,"column":29}},"33":{"start":{"line":156,"column":4},"end":{"line":156,"column":5733}},"34":{"start":{"line":157,"column":6},"end":{"line":157,"column":136}},"35":{"start":{"line":158,"column":6},"end":{"line":158,"column":5915}},"36":{"start":{"line":159,"column":8},"end":{"line":159,"column":47}},"37":{"start":{"line":179,"column":4},"end":{"line":179,"column":6522}},"38":{"start":{"line":184,"column":4},"end":{"line":184,"column":6777}},"39":{"start":{"line":195,"column":4},"end":{"line":195,"column":36}},"40":{"start":{"line":220,"column":4},"end":{"line":220,"column":59}},"41":{"start":{"line":223,"column":4},"end":{"line":223,"column":31}},"42":{"start":{"line":224,"column":4},"end":{"line":224,"column":8499}},"43":{"start":{"line":225,"column":6},"end":{"line":225,"column":70}},"44":{"start":{"line":230,"column":4},"end":{"line":230,"column":8805}},"45":{"start":{"line":232,"column":6},"end":{"line":232,"column":38}},"46":{"start":{"line":235,"column":4},"end":{"line":235,"column":86}},"47":{"start":{"line":238,"column":4},"end":{"line":238,"column":74}},"48":{"start":{"line":239,"column":4},"end":{"line":239,"column":99}},"49":{"start":{"line":242,"column":4},"end":{"line":242,"column":93}},"50":{"start":{"line":243,"column":4},"end":{"line":243,"column":94}},"51":{"start":{"line":244,"column":4},"end":{"line":244,"column":53}},"52":{"start":{"line":246,"column":4},"end":{"line":246,"column":9777}},"53":{"start":{"line":249,"column":4},"end":{"line":249,"column":52}},"54":{"start":{"line":250,"column":4},"end":{"line":250,"column":38}},"55":{"start":{"line":251,"column":4},"end":{"line":251,"column":37}},"56":{"start":{"line":253,"column":4},"end":{"line":253,"column":38}},"57":{"start":{"line":282,"column":4},"end":{"line":282,"column":37}},"58":{"start":{"line":283,"column":4},"end":{"line":283,"column":35}},"59":{"start":{"line":286,"column":4},"end":{"line":286,"column":93}},"60":{"start":{"line":287,"column":4},"end":{"line":287,"column":94}},"61":{"start":{"line":288,"column":4},"end":{"line":288,"column":53}},"62":{"start":{"line":291,"column":4},"end":{"line":291,"column":96}},"63":{"start":{"line":295,"column":4},"end":{"line":295,"column":11945}},"64":{"start":{"line":300,"column":6},"end":{"line":300,"column":31}},"65":{"start":{"line":301,"column":6},"end":{"line":301,"column":32}},"66":{"start":{"line":302,"column":6},"end":{"line":302,"column":31}},"67":{"start":{"line":303,"column":6},"end":{"line":303,"column":20}},"68":{"start":{"line":306,"column":4},"end":{"line":306,"column":12270}}},"branchMap":{"1":{"line":47,"type":"if","locations":[{"start":{"line":47,"column":4},"end":{"line":47,"column":4}},{"start":{"line":47,"column":4},"end":{"line":47,"column":4}}]},"2":{"line":63,"type":"if","locations":[{"start":{"line":63,"column":4},"end":{"line":63,"column":4}},{"start":{"line":63,"column":4},"end":{"line":63,"column":4}}]},"3":{"line":76,"type":"if","locations":[{"start":{"line":76,"column":6},"end":{"line":76,"column":6}},{"start":{"line":76,"column":6},"end":{"line":76,"column":6}}]},"4":{"line":77,"type":"if","locations":[{"start":{"line":77,"column":6},"end":{"line":77,"column":6}},{"start":{"line":77,"column":6},"end":{"line":77,"column":6}}]},"5":{"line":88,"type":"if","locations":[{"start":{"line":88,"column":6},"end":{"line":88,"column":6}},{"start":{"line":88,"column":6},"end":{"line":88,"column":6}}]},"6":{"line":156,"type":"if","locations":[{"start":{"line":156,"column":4},"end":{"line":156,"column":4}},{"start":{"line":156,"column":4},"end":{"line":156,"column":4}}]},"7":{"line":158,"type":"if","locations":[{"start":{"line":158,"column":6},"end":{"line":158,"column":6}},{"start":{"line":158,"column":6},"end":{"line":158,"column":6}}]},"8":{"line":230,"type":"if","locations":[{"start":{"line":230,"column":4},"end":{"line":230,"column":4}},{"start":{"line":230,"column":4},"end":{"line":230,"column":4}}]},"9":{"line":295,"type":"if","locations":[{"start":{"line":295,"column":4},"end":{"line":295,"column":4}},{"start":{"line":295,"column":4},"end":{"line":295,"column":4}}]}}},"contracts/IdleRebalancerV3.sol":{"l":{"29":75,"30":75,"33":75,"34":75,"41":48,"42":46,"52":1,"54":1,"64":2,"65":2,"66":5,"67":1,"71":1,"72":1,"85":46,"86":44,"88":44,"89":44,"90":170,"91":168,"92":168,"94":42,"99":66},"path":"/home/bugman/Projects/idle-contracts/contracts/IdleRebalancerV3.sol","s":{"1":75,"2":75,"3":75,"4":75,"5":48,"6":1,"7":1,"8":2,"9":2,"10":5,"11":1,"12":1,"13":1,"14":46,"15":44,"16":44,"17":44,"18":170,"19":168,"20":168,"21":42,"22":66},"b":{"1":[75,0],"2":[46,2],"3":[1,0],"4":[2,0],"5":[1,4],"6":[44,2],"7":[44,0],"8":[168,2],"9":[40,2]},"f":{"1":75,"2":48,"3":1,"4":2,"5":46,"6":66},"fnMap":{"1":{"name":"constructor","line":28,"loc":{"start":{"line":28,"column":2},"end":{"line":28,"column":117}}},"2":{"name":"onlyRebalancer","line":40,"loc":{"start":{"line":40,"column":2},"end":{"line":40,"column":27}}},"3":{"name":"setRebalancerManager","line":51,"loc":{"start":{"line":51,"column":21},"end":{"line":51,"column":3}}},"4":{"name":"setNewToken","line":63,"loc":{"start":{"line":63,"column":21},"end":{"line":63,"column":3}}},"5":{"name":"setAllocations","line":83,"loc":{"start":{"line":83,"column":26},"end":{"line":84,"column":3}}},"6":{"name":"getAllocations","line":97,"loc":{"start":{"line":97,"column":2},"end":{"line":98,"column":59}}}},"statementMap":{"1":{"start":{"line":29,"column":4},"end":{"line":29,"column":163}},"2":{"start":{"line":30,"column":4},"end":{"line":30,"column":41}},"3":{"start":{"line":33,"column":4},"end":{"line":33,"column":34}},"4":{"start":{"line":34,"column":4},"end":{"line":34,"column":63}},"5":{"start":{"line":41,"column":4},"end":{"line":41,"column":61}},"6":{"start":{"line":52,"column":6},"end":{"line":52,"column":78}},"7":{"start":{"line":54,"column":6},"end":{"line":54,"column":43}},"8":{"start":{"line":64,"column":6},"end":{"line":64,"column":65}},"9":{"start":{"line":65,"column":6},"end":{"line":65,"column":2218}},"10":{"start":{"line":66,"column":8},"end":{"line":66,"column":2286}},"11":{"start":{"line":67,"column":10},"end":{"line":67,"column":16}},"12":{"start":{"line":71,"column":6},"end":{"line":71,"column":41}},"13":{"start":{"line":72,"column":6},"end":{"line":72,"column":24}},"14":{"start":{"line":85,"column":4},"end":{"line":85,"column":97}},"15":{"start":{"line":86,"column":4},"end":{"line":86,"column":94}},"16":{"start":{"line":88,"column":4},"end":{"line":88,"column":17}},"17":{"start":{"line":89,"column":4},"end":{"line":89,"column":3060}},"18":{"start":{"line":90,"column":6},"end":{"line":90,"column":80}},"19":{"start":{"line":91,"column":6},"end":{"line":91,"column":39}},"20":{"start":{"line":92,"column":6},"end":{"line":92,"column":37}},"21":{"start":{"line":94,"column":4},"end":{"line":94,"column":50}},"22":{"start":{"line":99,"column":4},"end":{"line":99,"column":22}}},"branchMap":{"1":{"line":29,"type":"if","locations":[{"start":{"line":29,"column":4},"end":{"line":29,"column":4}},{"start":{"line":29,"column":4},"end":{"line":29,"column":4}}]},"2":{"line":41,"type":"if","locations":[{"start":{"line":41,"column":4},"end":{"line":41,"column":4}},{"start":{"line":41,"column":4},"end":{"line":41,"column":4}}]},"3":{"line":52,"type":"if","locations":[{"start":{"line":52,"column":6},"end":{"line":52,"column":6}},{"start":{"line":52,"column":6},"end":{"line":52,"column":6}}]},"4":{"line":64,"type":"if","locations":[{"start":{"line":64,"column":6},"end":{"line":64,"column":6}},{"start":{"line":64,"column":6},"end":{"line":64,"column":6}}]},"5":{"line":66,"type":"if","locations":[{"start":{"line":66,"column":8},"end":{"line":66,"column":8}},{"start":{"line":66,"column":8},"end":{"line":66,"column":8}}]},"6":{"line":85,"type":"if","locations":[{"start":{"line":85,"column":4},"end":{"line":85,"column":4}},{"start":{"line":85,"column":4},"end":{"line":85,"column":4}}]},"7":{"line":86,"type":"if","locations":[{"start":{"line":86,"column":4},"end":{"line":86,"column":4}},{"start":{"line":86,"column":4},"end":{"line":86,"column":4}}]},"8":{"line":90,"type":"if","locations":[{"start":{"line":90,"column":6},"end":{"line":90,"column":6}},{"start":{"line":90,"column":6},"end":{"line":90,"column":6}}]},"9":{"line":94,"type":"if","locations":[{"start":{"line":94,"column":4},"end":{"line":94,"column":4}},{"start":{"line":94,"column":4},"end":{"line":94,"column":4}}]}}},"contracts/IdleToken.sol":{"l":{"94":124,"95":124,"96":124,"97":124,"98":124,"99":124,"100":124,"101":124,"102":124,"103":124,"107":98,"108":98,"113":92,"115":92,"116":37,"122":2,"125":2,"127":2,"131":2,"142":1,"151":1,"160":1,"170":2,"172":2,"173":1,"175":2,"180":1,"189":5,"201":40,"202":40,"203":25,"205":40,"219":49,"220":49,"221":49,"222":49,"223":98,"224":98,"225":98,"244":33,"246":33,"248":33,"250":33,"251":33,"269":1,"270":1,"288":13,"290":13,"291":13,"292":13,"303":13,"306":11,"307":6,"310":5,"330":1,"331":1,"343":1,"344":1,"346":1,"347":2,"348":2,"354":1,"369":5,"370":5,"391":52,"392":52,"394":52,"395":6,"397":6,"399":4,"400":4,"408":48,"410":48,"411":27,"419":48,"422":48,"423":48,"424":6,"427":42,"429":42,"431":0,"433":0,"434":0,"438":42,"441":42,"442":42,"443":42,"444":66,"445":66,"446":21,"448":45,"449":45,"451":45,"454":42,"456":42,"473":1,"474":1,"491":48,"492":48,"493":0,"498":48,"499":48,"500":48,"501":48,"502":48,"505":48,"506":96,"507":96,"508":96,"509":51,"510":51,"511":51,"513":45,"517":48,"518":0,"520":48,"521":48,"522":44,"526":4,"539":42,"540":42,"542":42,"543":0,"546":42,"557":48,"558":48,"559":27,"577":3,"578":3,"580":3,"581":3,"583":3,"584":6,"585":6,"586":6,"587":6,"593":3,"607":48,"608":48,"621":49,"622":0,"624":49,"626":49,"627":49,"642":40,"643":4,"645":36,"647":36,"648":36},"path":"/home/bugman/Projects/idle-contracts/contracts/IdleToken.sol","s":{"1":124,"2":124,"3":124,"4":124,"5":124,"6":124,"7":124,"8":124,"9":124,"10":124,"11":98,"12":98,"13":92,"14":37,"15":2,"16":2,"17":2,"18":1,"19":1,"20":1,"21":2,"22":2,"23":1,"24":2,"25":1,"26":5,"27":40,"28":40,"29":25,"30":40,"31":49,"32":49,"33":49,"34":49,"35":98,"36":98,"37":98,"38":33,"39":33,"40":33,"41":33,"42":33,"43":1,"44":1,"45":13,"46":13,"47":13,"48":13,"49":13,"50":11,"51":6,"52":5,"53":1,"54":1,"55":1,"56":1,"57":1,"58":2,"59":2,"60":1,"61":5,"62":5,"63":52,"64":52,"65":52,"66":6,"67":6,"68":4,"69":4,"70":48,"71":48,"72":27,"73":48,"74":48,"75":6,"76":42,"77":42,"78":0,"79":0,"80":0,"81":42,"82":42,"83":42,"84":42,"85":66,"86":66,"87":45,"88":45,"89":45,"90":42,"91":42,"92":1,"93":1,"94":48,"95":48,"96":0,"97":48,"98":48,"99":48,"100":48,"101":48,"102":48,"103":96,"104":96,"105":96,"106":51,"107":51,"108":51,"109":45,"110":45,"111":48,"112":0,"113":48,"114":48,"115":44,"116":4,"117":42,"118":42,"119":42,"120":0,"121":42,"122":48,"123":48,"124":27,"125":3,"126":3,"127":3,"128":3,"129":3,"130":6,"131":6,"132":6,"133":6,"134":3,"135":48,"136":48,"137":49,"138":0,"139":49,"140":49,"141":49,"142":40,"143":4,"144":36,"145":36,"146":36},"b":{"1":[92,6],"2":[37,55],"3":[2,0],"4":[2,0],"5":[1,1],"6":[6,5],"7":[6,46],"8":[4,2],"9":[6,42],"10":[0,42],"11":[21,45],"12":[0,48],"13":[51,45],"14":[45,0],"15":[0,48],"16":[44,4],"17":[0,49],"18":[4,36]},"f":{"1":124,"2":98,"3":2,"4":1,"5":1,"6":1,"7":2,"8":1,"9":5,"10":40,"11":49,"12":33,"13":1,"14":13,"15":1,"16":1,"17":5,"18":52,"19":1,"20":48,"21":42,"22":48,"23":3,"24":48,"25":49,"26":40},"fnMap":{"1":{"name":"constructor","line":93,"loc":{"start":{"line":93,"column":43},"end":{"line":93,"column":3}}},"2":{"name":"whenITokenPriceHasNotDecreased","line":106,"loc":{"start":{"line":106,"column":2},"end":{"line":106,"column":43}}},"3":{"name":"nonLocallyReentrant","line":120,"loc":{"start":{"line":120,"column":2},"end":{"line":120,"column":32}}},"4":{"name":"setIToken","line":141,"loc":{"start":{"line":141,"column":21},"end":{"line":141,"column":3}}},"5":{"name":"setRebalancer","line":150,"loc":{"start":{"line":150,"column":21},"end":{"line":150,"column":3}}},"6":{"name":"setPriceCalculator","line":159,"loc":{"start":{"line":159,"column":21},"end":{"line":159,"column":3}}},"7":{"name":"setProtocolWrapper","line":169,"loc":{"start":{"line":169,"column":21},"end":{"line":169,"column":3}}},"8":{"name":"setMinRateDifference","line":179,"loc":{"start":{"line":179,"column":21},"end":{"line":179,"column":3}}},"9":{"name":"setManualPlay","line":188,"loc":{"start":{"line":188,"column":21},"end":{"line":188,"column":3}}},"10":{"name":"tokenPrice","line":198,"loc":{"start":{"line":198,"column":2},"end":{"line":200,"column":29}}},"11":{"name":"getAPRs","line":216,"loc":{"start":{"line":216,"column":2},"end":{"line":218,"column":65}}},"12":{"name":"mintIdleToken","line":241,"loc":{"start":{"line":241,"column":67},"end":{"line":242,"column":36}}},"13":{"name":"getParamsForMintIdleToken","line":267,"loc":{"start":{"line":267,"column":76},"end":{"line":268,"column":50}}},"14":{"name":"redeemIdleToken","line":286,"loc":{"start":{"line":286,"column":22},"end":{"line":287,"column":38}}},"15":{"name":"getParamsForRedeemIdleToken","line":328,"loc":{"start":{"line":328,"column":31},"end":{"line":329,"column":50}}},"16":{"name":"redeemInterestBearingTokens","line":342,"loc":{"start":{"line":342,"column":24},"end":{"line":342,"column":3}}},"17":{"name":"claimITokens","line":367,"loc":{"start":{"line":367,"column":56},"end":{"line":368,"column":37}}},"18":{"name":"rebalance","line":386,"loc":{"start":{"line":386,"column":54},"end":{"line":387,"column":20}}},"19":{"name":"getParamsForRebalance","line":471,"loc":{"start":{"line":471,"column":56},"end":{"line":472,"column":50}}},"20":{"name":"_rebalanceCheck","line":488,"loc":{"start":{"line":488,"column":2},"end":{"line":490,"column":29}}},"21":{"name":"_calcAmounts","line":536,"loc":{"start":{"line":536,"column":2},"end":{"line":538,"column":50}}},"22":{"name":"_getCurrentProtocols","line":554,"loc":{"start":{"line":554,"column":2},"end":{"line":556,"column":59}}},"23":{"name":"_getCurrentAllocations","line":574,"loc":{"start":{"line":574,"column":2},"end":{"line":575,"column":73}}},"24":{"name":"_getProtocolNextRate","line":604,"loc":{"start":{"line":604,"column":2},"end":{"line":606,"column":27}}},"25":{"name":"_mintProtocolTokens","line":618,"loc":{"start":{"line":618,"column":2},"end":{"line":620,"column":30}}},"26":{"name":"_redeemProtocolTokens","line":639,"loc":{"start":{"line":639,"column":2},"end":{"line":641,"column":30}}}},"statementMap":{"1":{"start":{"line":94,"column":6},"end":{"line":94,"column":19}},"2":{"start":{"line":95,"column":6},"end":{"line":95,"column":53}},"3":{"start":{"line":96,"column":6},"end":{"line":96,"column":21}},"4":{"start":{"line":97,"column":6},"end":{"line":97,"column":29}},"5":{"start":{"line":98,"column":6},"end":{"line":98,"column":39}},"6":{"start":{"line":99,"column":6},"end":{"line":99,"column":46}},"7":{"start":{"line":100,"column":6},"end":{"line":100,"column":45}},"8":{"start":{"line":101,"column":6},"end":{"line":101,"column":44}},"9":{"start":{"line":102,"column":6},"end":{"line":102,"column":43}},"10":{"start":{"line":103,"column":6},"end":{"line":103,"column":28}},"11":{"start":{"line":107,"column":4},"end":{"line":107,"column":60}},"12":{"start":{"line":108,"column":4},"end":{"line":108,"column":3926}},"13":{"start":{"line":115,"column":4},"end":{"line":115,"column":4046}},"14":{"start":{"line":116,"column":6},"end":{"line":116,"column":34}},"15":{"start":{"line":122,"column":4},"end":{"line":122,"column":68}},"16":{"start":{"line":125,"column":4},"end":{"line":125,"column":27}},"17":{"start":{"line":131,"column":4},"end":{"line":131,"column":26}},"18":{"start":{"line":142,"column":6},"end":{"line":142,"column":21}},"19":{"start":{"line":151,"column":6},"end":{"line":151,"column":29}},"20":{"start":{"line":160,"column":6},"end":{"line":160,"column":39}},"21":{"start":{"line":170,"column":6},"end":{"line":170,"column":78}},"22":{"start":{"line":172,"column":6},"end":{"line":172,"column":5682}},"23":{"start":{"line":173,"column":8},"end":{"line":173,"column":38}},"24":{"start":{"line":175,"column":6},"end":{"line":175,"column":40}},"25":{"start":{"line":180,"column":6},"end":{"line":180,"column":30}},"26":{"start":{"line":189,"column":6},"end":{"line":189,"column":29}},"27":{"start":{"line":201,"column":6},"end":{"line":201,"column":90}},"28":{"start":{"line":202,"column":6},"end":{"line":202,"column":6506}},"29":{"start":{"line":203,"column":8},"end":{"line":203,"column":76}},"30":{"start":{"line":205,"column":6},"end":{"line":205,"column":6654}},"31":{"start":{"line":219,"column":6},"end":{"line":219,"column":23}},"32":{"start":{"line":220,"column":6},"end":{"line":220,"column":57}},"33":{"start":{"line":221,"column":6},"end":{"line":221,"column":52}},"34":{"start":{"line":222,"column":6},"end":{"line":222,"column":7246}},"35":{"start":{"line":223,"column":8},"end":{"line":223,"column":40}},"36":{"start":{"line":224,"column":8},"end":{"line":224,"column":31}},"37":{"start":{"line":225,"column":8},"end":{"line":225,"column":71}},"38":{"start":{"line":244,"column":6},"end":{"line":244,"column":38}},"39":{"start":{"line":246,"column":6},"end":{"line":246,"column":71}},"40":{"start":{"line":248,"column":6},"end":{"line":248,"column":47}},"41":{"start":{"line":250,"column":6},"end":{"line":250,"column":54}},"42":{"start":{"line":251,"column":6},"end":{"line":251,"column":36}},"43":{"start":{"line":269,"column":6},"end":{"line":269,"column":45}},"44":{"start":{"line":270,"column":6},"end":{"line":270,"column":37}},"45":{"start":{"line":288,"column":6},"end":{"line":288,"column":26}},"46":{"start":{"line":290,"column":6},"end":{"line":290,"column":10482}},"47":{"start":{"line":291,"column":8},"end":{"line":291,"column":42}},"48":{"start":{"line":292,"column":8},"end":{"line":292,"column":10592}},"49":{"start":{"line":303,"column":6},"end":{"line":303,"column":31}},"50":{"start":{"line":306,"column":6},"end":{"line":306,"column":11078}},"51":{"start":{"line":307,"column":8},"end":{"line":307,"column":29}},"52":{"start":{"line":310,"column":6},"end":{"line":310,"column":41}},"53":{"start":{"line":330,"column":6},"end":{"line":330,"column":63}},"54":{"start":{"line":331,"column":6},"end":{"line":331,"column":37}},"55":{"start":{"line":343,"column":6},"end":{"line":343,"column":45}},"56":{"start":{"line":344,"column":6},"end":{"line":344,"column":26}},"57":{"start":{"line":346,"column":6},"end":{"line":346,"column":12867}},"58":{"start":{"line":347,"column":8},"end":{"line":347,"column":42}},"59":{"start":{"line":348,"column":8},"end":{"line":348,"column":12977}},"60":{"start":{"line":354,"column":6},"end":{"line":354,"column":31}},"61":{"start":{"line":369,"column":6},"end":{"line":369,"column":59}},"62":{"start":{"line":370,"column":6},"end":{"line":370,"column":53}},"63":{"start":{"line":391,"column":6},"end":{"line":391,"column":26}},"64":{"start":{"line":392,"column":6},"end":{"line":392,"column":23}},"65":{"start":{"line":394,"column":6},"end":{"line":394,"column":14840}},"66":{"start":{"line":395,"column":8},"end":{"line":395,"column":87}},"67":{"start":{"line":397,"column":8},"end":{"line":397,"column":14996}},"68":{"start":{"line":399,"column":10},"end":{"line":399,"column":80}},"69":{"start":{"line":400,"column":10},"end":{"line":400,"column":22}},"70":{"start":{"line":408,"column":6},"end":{"line":408,"column":68}},"71":{"start":{"line":410,"column":6},"end":{"line":410,"column":15573}},"72":{"start":{"line":411,"column":8},"end":{"line":411,"column":15635}},"73":{"start":{"line":422,"column":6},"end":{"line":422,"column":67}},"74":{"start":{"line":423,"column":6},"end":{"line":423,"column":16107}},"75":{"start":{"line":424,"column":8},"end":{"line":424,"column":20}},"76":{"start":{"line":427,"column":6},"end":{"line":427,"column":77}},"77":{"start":{"line":429,"column":6},"end":{"line":429,"column":16321}},"78":{"start":{"line":431,"column":8},"end":{"line":431,"column":69}},"79":{"start":{"line":433,"column":8},"end":{"line":433,"column":40}},"80":{"start":{"line":434,"column":8},"end":{"line":434,"column":20}},"81":{"start":{"line":438,"column":6},"end":{"line":438,"column":126}},"82":{"start":{"line":441,"column":6},"end":{"line":441,"column":24}},"83":{"start":{"line":442,"column":6},"end":{"line":442,"column":22}},"84":{"start":{"line":443,"column":6},"end":{"line":443,"column":16986}},"85":{"start":{"line":444,"column":8},"end":{"line":444,"column":38}},"86":{"start":{"line":445,"column":8},"end":{"line":445,"column":17090}},"87":{"start":{"line":448,"column":8},"end":{"line":448,"column":35}},"88":{"start":{"line":449,"column":8},"end":{"line":449,"column":66}},"89":{"start":{"line":451,"column":8},"end":{"line":451,"column":39}},"90":{"start":{"line":454,"column":6},"end":{"line":454,"column":34}},"91":{"start":{"line":456,"column":6},"end":{"line":456,"column":17}},"92":{"start":{"line":473,"column":6},"end":{"line":473,"column":44}},"93":{"start":{"line":474,"column":6},"end":{"line":474,"column":37}},"94":{"start":{"line":491,"column":6},"end":{"line":491,"column":69}},"95":{"start":{"line":492,"column":6},"end":{"line":492,"column":18846}},"96":{"start":{"line":493,"column":8},"end":{"line":493,"column":34}},"97":{"start":{"line":498,"column":6},"end":{"line":498,"column":21}},"98":{"start":{"line":499,"column":6},"end":{"line":499,"column":24}},"99":{"start":{"line":500,"column":6},"end":{"line":500,"column":28}},"100":{"start":{"line":501,"column":6},"end":{"line":501,"column":21}},"101":{"start":{"line":502,"column":6},"end":{"line":502,"column":22}},"102":{"start":{"line":505,"column":6},"end":{"line":505,"column":19219}},"103":{"start":{"line":506,"column":8},"end":{"line":506,"column":24}},"104":{"start":{"line":507,"column":8},"end":{"line":507,"column":30}},"105":{"start":{"line":508,"column":8},"end":{"line":508,"column":19331}},"106":{"start":{"line":509,"column":10},"end":{"line":509,"column":33}},"107":{"start":{"line":510,"column":10},"end":{"line":510,"column":26}},"108":{"start":{"line":511,"column":10},"end":{"line":511,"column":30}},"109":{"start":{"line":512,"column":15},"end":{"line":512,"column":19469}},"110":{"start":{"line":513,"column":10},"end":{"line":513,"column":33}},"111":{"start":{"line":517,"column":6},"end":{"line":517,"column":19583}},"112":{"start":{"line":518,"column":8},"end":{"line":518,"column":33}},"113":{"start":{"line":520,"column":8},"end":{"line":520,"column":86}},"114":{"start":{"line":521,"column":8},"end":{"line":521,"column":19795}},"115":{"start":{"line":522,"column":10},"end":{"line":522,"column":35}},"116":{"start":{"line":526,"column":6},"end":{"line":526,"column":32}},"117":{"start":{"line":539,"column":6},"end":{"line":539,"column":89}},"118":{"start":{"line":540,"column":6},"end":{"line":540,"column":33}},"119":{"start":{"line":542,"column":6},"end":{"line":542,"column":20541}},"120":{"start":{"line":543,"column":8},"end":{"line":543,"column":55}},"121":{"start":{"line":546,"column":6},"end":{"line":546,"column":77}},"122":{"start":{"line":557,"column":6},"end":{"line":557,"column":73}},"123":{"start":{"line":558,"column":6},"end":{"line":558,"column":21137}},"124":{"start":{"line":559,"column":8},"end":{"line":559,"column":21202}},"125":{"start":{"line":577,"column":6},"end":{"line":577,"column":62}},"126":{"start":{"line":578,"column":6},"end":{"line":578,"column":55}},"127":{"start":{"line":580,"column":6},"end":{"line":580,"column":26}},"128":{"start":{"line":581,"column":6},"end":{"line":581,"column":28}},"129":{"start":{"line":583,"column":6},"end":{"line":583,"column":22077}},"130":{"start":{"line":584,"column":8},"end":{"line":584,"column":43}},"131":{"start":{"line":585,"column":8},"end":{"line":585,"column":39}},"132":{"start":{"line":586,"column":8},"end":{"line":586,"column":90}},"133":{"start":{"line":587,"column":8},"end":{"line":587,"column":22336}},"134":{"start":{"line":593,"column":6},"end":{"line":593,"column":38}},"135":{"start":{"line":607,"column":6},"end":{"line":607,"column":64}},"136":{"start":{"line":608,"column":6},"end":{"line":608,"column":43}},"137":{"start":{"line":621,"column":6},"end":{"line":621,"column":23415}},"138":{"start":{"line":622,"column":8},"end":{"line":622,"column":21}},"139":{"start":{"line":624,"column":6},"end":{"line":624,"column":64}},"140":{"start":{"line":626,"column":6},"end":{"line":626,"column":54}},"141":{"start":{"line":627,"column":6},"end":{"line":627,"column":29}},"142":{"start":{"line":642,"column":6},"end":{"line":642,"column":24204}},"143":{"start":{"line":643,"column":8},"end":{"line":643,"column":21}},"144":{"start":{"line":645,"column":6},"end":{"line":645,"column":64}},"145":{"start":{"line":647,"column":6},"end":{"line":647,"column":55}},"146":{"start":{"line":648,"column":6},"end":{"line":648,"column":39}}},"branchMap":{"1":{"line":108,"type":"if","locations":[{"start":{"line":108,"column":4},"end":{"line":108,"column":4}},{"start":{"line":108,"column":4},"end":{"line":108,"column":4}}]},"2":{"line":115,"type":"if","locations":[{"start":{"line":115,"column":4},"end":{"line":115,"column":4}},{"start":{"line":115,"column":4},"end":{"line":115,"column":4}}]},"3":{"line":122,"type":"if","locations":[{"start":{"line":122,"column":4},"end":{"line":122,"column":4}},{"start":{"line":122,"column":4},"end":{"line":122,"column":4}}]},"4":{"line":170,"type":"if","locations":[{"start":{"line":170,"column":6},"end":{"line":170,"column":6}},{"start":{"line":170,"column":6},"end":{"line":170,"column":6}}]},"5":{"line":172,"type":"if","locations":[{"start":{"line":172,"column":6},"end":{"line":172,"column":6}},{"start":{"line":172,"column":6},"end":{"line":172,"column":6}}]},"6":{"line":306,"type":"if","locations":[{"start":{"line":306,"column":6},"end":{"line":306,"column":6}},{"start":{"line":306,"column":6},"end":{"line":306,"column":6}}]},"7":{"line":394,"type":"if","locations":[{"start":{"line":394,"column":6},"end":{"line":394,"column":6}},{"start":{"line":394,"column":6},"end":{"line":394,"column":6}}]},"8":{"line":397,"type":"if","locations":[{"start":{"line":397,"column":8},"end":{"line":397,"column":8}},{"start":{"line":397,"column":8},"end":{"line":397,"column":8}}]},"9":{"line":423,"type":"if","locations":[{"start":{"line":423,"column":6},"end":{"line":423,"column":6}},{"start":{"line":423,"column":6},"end":{"line":423,"column":6}}]},"10":{"line":429,"type":"if","locations":[{"start":{"line":429,"column":6},"end":{"line":429,"column":6}},{"start":{"line":429,"column":6},"end":{"line":429,"column":6}}]},"11":{"line":445,"type":"if","locations":[{"start":{"line":445,"column":8},"end":{"line":445,"column":8}},{"start":{"line":445,"column":8},"end":{"line":445,"column":8}}]},"12":{"line":492,"type":"if","locations":[{"start":{"line":492,"column":6},"end":{"line":492,"column":6}},{"start":{"line":492,"column":6},"end":{"line":492,"column":6}}]},"13":{"line":508,"type":"if","locations":[{"start":{"line":508,"column":8},"end":{"line":508,"column":8}},{"start":{"line":508,"column":8},"end":{"line":508,"column":8}}]},"14":{"line":512,"type":"if","locations":[{"start":{"line":512,"column":15},"end":{"line":512,"column":15}},{"start":{"line":512,"column":15},"end":{"line":512,"column":15}}]},"15":{"line":517,"type":"if","locations":[{"start":{"line":517,"column":6},"end":{"line":517,"column":6}},{"start":{"line":517,"column":6},"end":{"line":517,"column":6}}]},"16":{"line":521,"type":"if","locations":[{"start":{"line":521,"column":8},"end":{"line":521,"column":8}},{"start":{"line":521,"column":8},"end":{"line":521,"column":8}}]},"17":{"line":621,"type":"if","locations":[{"start":{"line":621,"column":6},"end":{"line":621,"column":6}},{"start":{"line":621,"column":6},"end":{"line":621,"column":6}}]},"18":{"line":642,"type":"if","locations":[{"start":{"line":642,"column":6},"end":{"line":642,"column":6}},{"start":{"line":642,"column":6},"end":{"line":642,"column":6}}]}}},"contracts/IdleTokenV3.sol":{"l":{"92":0,"93":0,"94":0,"95":0,"96":0,"97":0,"98":0,"99":0,"108":0,"109":0,"114":0,"116":0,"117":0,"129":0,"130":0,"139":0,"140":0,"150":0,"152":0,"153":0,"155":0,"165":0,"175":0,"185":0,"186":0,"196":0,"197":0,"209":0,"210":0,"211":0,"213":0,"227":0,"228":0,"229":0,"230":0,"231":0,"232":0,"233":0,"245":0,"246":0,"247":0,"248":0,"249":0,"250":0,"252":0,"253":0,"254":0,"260":0,"261":0,"262":0,"263":0,"266":0,"267":0,"268":0,"287":0,"301":0,"319":0,"321":0,"322":0,"323":0,"324":0,"326":0,"337":0,"338":0,"339":0,"342":0,"344":0,"345":0,"348":0,"360":0,"361":0,"362":0,"364":0,"365":0,"366":0,"367":0,"368":0,"370":0,"376":0,"395":0,"396":0,"398":0,"399":0,"400":0,"401":0,"403":0,"404":0,"406":0,"407":0,"408":0,"423":0,"438":0,"450":0,"464":0,"484":0,"486":0,"489":0,"491":0,"492":0,"494":0,"510":0,"511":0,"512":0,"514":0,"517":0,"518":0,"519":0,"520":0,"521":0,"522":0,"526":0,"527":0,"528":0,"531":0,"532":0,"534":0,"536":0,"539":0,"540":0,"543":0,"544":0,"548":0,"550":0,"551":0,"552":0,"553":0,"555":0,"556":0,"558":0,"561":0,"562":0,"565":0,"576":0,"577":0,"578":0,"581":0,"582":0,"583":0,"584":0,"595":0,"596":0,"597":0,"598":0,"601":0,"602":0,"603":0,"604":0,"606":0,"607":0,"608":0,"609":0,"610":0,"622":0,"624":0,"625":0,"627":0,"628":0,"629":0,"630":0,"632":0,"633":0,"646":0,"647":0,"648":0,"650":0,"651":0,"652":0,"654":0,"655":0,"656":0,"659":0,"679":0,"680":0,"681":0,"683":0,"684":0,"685":0,"686":0,"687":0,"688":0,"689":0,"690":0,"693":0,"701":0,"702":0,"719":0,"720":0,"722":0,"723":0,"725":0,"726":0,"727":0,"728":0,"729":0,"732":0,"736":0,"750":0,"751":0,"753":0,"755":0,"756":0,"771":0,"772":0,"774":0,"776":0,"777":0},"path":"/home/bugman/Projects/idle-contracts/contracts/IdleTokenV3.sol","s":{"1":0,"2":0,"3":0,"4":0,"5":0,"6":0,"7":0,"8":0,"9":0,"10":0,"11":0,"12":0,"13":0,"14":0,"15":0,"16":0,"17":0,"18":0,"19":0,"20":0,"21":0,"22":0,"23":0,"24":0,"25":0,"26":0,"27":0,"28":0,"29":0,"30":0,"31":0,"32":0,"33":0,"34":0,"35":0,"36":0,"37":0,"38":0,"39":0,"40":0,"41":0,"42":0,"43":0,"44":0,"45":0,"46":0,"47":0,"48":0,"49":0,"50":0,"51":0,"52":0,"53":0,"54":0,"55":0,"56":0,"57":0,"58":0,"59":0,"60":0,"61":0,"62":0,"63":0,"64":0,"65":0,"66":0,"67":0,"68":0,"69":0,"70":0,"71":0,"72":0,"73":0,"74":0,"75":0,"76":0,"77":0,"78":0,"79":0,"80":0,"81":0,"82":0,"83":0,"84":0,"85":0,"86":0,"87":0,"88":0,"89":0,"90":0,"91":0,"92":0,"93":0,"94":0,"95":0,"96":0,"97":0,"98":0,"99":0,"100":0,"101":0,"102":0,"103":0,"104":0,"105":0,"106":0,"107":0,"108":0,"109":0,"110":0,"111":0,"112":0,"113":0,"114":0,"115":0,"116":0,"117":0,"118":0,"119":0,"120":0,"121":0,"122":0,"123":0,"124":0,"125":0,"126":0,"127":0,"128":0,"129":0,"130":0,"131":0,"132":0,"133":0,"134":0,"135":0,"136":0,"137":0,"138":0,"139":0,"140":0,"141":0,"142":0,"143":0,"144":0,"145":0,"146":0,"147":0,"148":0,"149":0,"150":0,"151":0,"152":0,"153":0,"154":0,"155":0,"156":0,"157":0,"158":0,"159":0,"160":0,"161":0,"162":0,"163":0,"164":0,"165":0,"166":0,"167":0,"168":0,"169":0,"170":0,"171":0,"172":0,"173":0,"174":0,"175":0,"176":0,"177":0,"178":0,"179":0,"180":0,"181":0,"182":0,"183":0,"184":0,"185":0,"186":0,"187":0,"188":0,"189":0,"190":0,"191":0,"192":0,"193":0,"194":0,"195":0,"196":0,"197":0,"198":0,"199":0},"b":{"1":[0,0],"2":[0,0],"3":[0,0],"4":[0,0],"5":[0,0],"6":[0,0],"7":[0,0],"8":[0,0],"9":[0,0],"10":[0,0],"11":[0,0],"12":[0,0],"13":[0,0],"14":[0,0],"15":[0,0],"16":[0,0],"17":[0,0],"18":[0,0],"19":[0,0],"20":[0,0],"21":[0,0],"22":[0,0],"23":[0,0],"24":[0,0],"25":[0,0],"26":[0,0],"27":[0,0],"28":[0,0],"29":[0,0],"30":[0,0],"31":[0,0],"32":[0,0],"33":[0,0],"34":[0,0],"35":[0,0],"36":[0,0]},"f":{"1":0,"2":0,"3":0,"4":0,"5":0,"6":0,"7":0,"8":0,"9":0,"10":0,"11":0,"12":0,"13":0,"14":0,"15":0,"16":0,"17":0,"18":0,"19":0,"20":0,"21":0,"22":0,"23":0,"24":0,"25":0,"26":0,"27":0,"28":0,"29":0,"30":0,"31":0,"32":0,"33":0},"fnMap":{"1":{"name":"constructor","line":91,"loc":{"start":{"line":91,"column":43},"end":{"line":91,"column":3}}},"2":{"name":"whenITokenPriceHasNotDecreased","line":107,"loc":{"start":{"line":107,"column":2},"end":{"line":107,"column":43}}},"3":{"name":"setRebalancer","line":128,"loc":{"start":{"line":128,"column":21},"end":{"line":128,"column":3}}},"4":{"name":"setPriceCalculator","line":138,"loc":{"start":{"line":138,"column":21},"end":{"line":138,"column":3}}},"5":{"name":"setProtocolWrapper","line":149,"loc":{"start":{"line":149,"column":21},"end":{"line":149,"column":3}}},"6":{"name":"setManualPlay","line":164,"loc":{"start":{"line":164,"column":21},"end":{"line":164,"column":3}}},"7":{"name":"setIsRiskAdjusted","line":174,"loc":{"start":{"line":174,"column":21},"end":{"line":174,"column":3}}},"8":{"name":"setFee","line":184,"loc":{"start":{"line":184,"column":21},"end":{"line":184,"column":3}}},"9":{"name":"setFeeAddress","line":195,"loc":{"start":{"line":195,"column":21},"end":{"line":195,"column":3}}},"10":{"name":"tokenPrice","line":206,"loc":{"start":{"line":206,"column":2},"end":{"line":208,"column":29}}},"11":{"name":"getAPRs","line":224,"loc":{"start":{"line":224,"column":2},"end":{"line":226,"column":65}}},"12":{"name":"getAvgAPR","line":242,"loc":{"start":{"line":242,"column":2},"end":{"line":244,"column":30}}},"13":{"name":"transferFrom","line":259,"loc":{"start":{"line":259,"column":2},"end":{"line":259,"column":96}}},"14":{"name":"transfer","line":265,"loc":{"start":{"line":265,"column":2},"end":{"line":265,"column":76}}},"15":{"name":"mintIdleToken","line":285,"loc":{"start":{"line":285,"column":55},"end":{"line":286,"column":36}}},"16":{"name":"mintIdleToken","line":299,"loc":{"start":{"line":299,"column":55},"end":{"line":300,"column":36}}},"17":{"name":"redeemIdleToken","line":317,"loc":{"start":{"line":317,"column":24},"end":{"line":318,"column":38}}},"18":{"name":"redeemInterestBearingTokens","line":359,"loc":{"start":{"line":359,"column":24},"end":{"line":359,"column":3}}},"19":{"name":"openRebalance","line":393,"loc":{"start":{"line":393,"column":56},"end":{"line":394,"column":36}}},"20":{"name":"rebalanceWithGST","line":421,"loc":{"start":{"line":421,"column":39},"end":{"line":422,"column":20}}},"21":{"name":"rebalance","line":436,"loc":{"start":{"line":436,"column":2},"end":{"line":437,"column":29}}},"22":{"name":"rebalance","line":449,"loc":{"start":{"line":449,"column":2},"end":{"line":449,"column":46}}},"23":{"name":"getCurrentAllocations","line":462,"loc":{"start":{"line":462,"column":2},"end":{"line":463,"column":88}}},"24":{"name":"_mintIdleToken","line":481,"loc":{"start":{"line":481,"column":56},"end":{"line":482,"column":36}}},"25":{"name":"_rebalance","line":507,"loc":{"start":{"line":507,"column":56},"end":{"line":508,"column":20}}},"26":{"name":"_updateAvgPrice","line":575,"loc":{"start":{"line":575,"column":2},"end":{"line":575,"column":76}}},"27":{"name":"_getFee","line":594,"loc":{"start":{"line":594,"column":2},"end":{"line":594,"column":79}}},"28":{"name":"_mintWithAmounts","line":620,"loc":{"start":{"line":620,"column":2},"end":{"line":620,"column":103}}},"29":{"name":"_amountsFromAllocations","line":644,"loc":{"start":{"line":644,"column":2},"end":{"line":645,"column":46}}},"30":{"name":"_redeemAllNeeded","line":671,"loc":{"start":{"line":671,"column":2},"end":{"line":678,"column":7}}},"31":{"name":"_getCurrentAllocations","line":716,"loc":{"start":{"line":716,"column":2},"end":{"line":717,"column":88}}},"32":{"name":"_mintProtocolTokens","line":747,"loc":{"start":{"line":747,"column":2},"end":{"line":749,"column":30}}},"33":{"name":"_redeemProtocolTokens","line":768,"loc":{"start":{"line":768,"column":2},"end":{"line":770,"column":30}}}},"statementMap":{"1":{"start":{"line":92,"column":6},"end":{"line":92,"column":19}},"2":{"start":{"line":93,"column":6},"end":{"line":93,"column":53}},"3":{"start":{"line":94,"column":6},"end":{"line":94,"column":21}},"4":{"start":{"line":95,"column":6},"end":{"line":95,"column":29}},"5":{"start":{"line":96,"column":6},"end":{"line":96,"column":39}},"6":{"start":{"line":97,"column":6},"end":{"line":97,"column":46}},"7":{"start":{"line":98,"column":6},"end":{"line":98,"column":45}},"8":{"start":{"line":99,"column":6},"end":{"line":99,"column":44}},"9":{"start":{"line":108,"column":4},"end":{"line":108,"column":60}},"10":{"start":{"line":109,"column":4},"end":{"line":109,"column":4419}},"11":{"start":{"line":116,"column":4},"end":{"line":116,"column":4539}},"12":{"start":{"line":117,"column":6},"end":{"line":117,"column":34}},"13":{"start":{"line":129,"column":6},"end":{"line":129,"column":52}},"14":{"start":{"line":130,"column":6},"end":{"line":130,"column":29}},"15":{"start":{"line":139,"column":6},"end":{"line":139,"column":57}},"16":{"start":{"line":140,"column":6},"end":{"line":140,"column":39}},"17":{"start":{"line":150,"column":6},"end":{"line":150,"column":78}},"18":{"start":{"line":152,"column":6},"end":{"line":152,"column":5661}},"19":{"start":{"line":153,"column":8},"end":{"line":153,"column":38}},"20":{"start":{"line":155,"column":6},"end":{"line":155,"column":40}},"21":{"start":{"line":165,"column":6},"end":{"line":165,"column":29}},"22":{"start":{"line":175,"column
[...]
7,"type":"if","locations":[{"start":{"line":137,"column":6},"end":{"line":137,"column":6}},{"start":{"line":137,"column":6},"end":{"line":137,"column":6}}]}}},"contracts/wrappers/IdleEmptyWrapper.sol":{"l":{"34":0,"36":0,"37":0,"38":0,"45":0,"46":0,"58":0,"59":0,"60":0},"path":"/home/bugman/Projects/idle-contracts/contracts/wrappers/IdleEmptyWrapper.sol","s":{"1":0,"2":0,"3":0,"4":0,"5":0,"6":0,"7":0,"8":0},"b":{"1":[0,0],"2":[0,0],"3":[0,0],"4":[0,0]},"f":{"1":0,"2":0,"3":0,"4":0,"5":0,"6":0,"7":0,"8":0,"9":0,"10":0},"fnMap":{"1":{"name":"constructor","line":33,"loc":{"start":{"line":33,"column":2},"end":{"line":33,"column":57}}},"2":{"name":"onlyIdle","line":44,"loc":{"start":{"line":44,"column":2},"end":{"line":44,"column":21}}},"3":{"name":"setIdleToken","line":57,"loc":{"start":{"line":57,"column":21},"end":{"line":57,"column":3}}},"4":{"name":"nextSupplyRateWithParams","line":72,"loc":{"start":{"line":72,"column":2},"end":{"line":74,"column":23}}},"5":{"name":"nextSupplyRate","line":84,"loc":{"start":{"line":84,"column":2},"end":{"line":86,"column":23}}},"6":{"name":"getPriceInToken","line":92,"loc":{"start":{"line":92,"column":2},"end":{"line":94,"column":23}}},"7":{"name":"getAPR","line":100,"loc":{"start":{"line":100,"column":2},"end":{"line":102,"column":27}}},"8":{"name":"mint","line":114,"loc":{"start":{"line":114,"column":20},"end":{"line":115,"column":31}}},"9":{"name":"redeem","line":127,"loc":{"start":{"line":127,"column":20},"end":{"line":128,"column":30}}},"10":{"name":"availableLiquidity","line":132,"loc":{"start":{"line":132,"column":2},"end":{"line":132,"column":63}}}},"statementMap":{"1":{"start":{"line":34,"column":4},"end":{"line":34,"column":79}},"2":{"start":{"line":36,"column":4},"end":{"line":36,"column":17}},"3":{"start":{"line":37,"column":4},"end":{"line":37,"column":27}},"4":{"start":{"line":38,"column":4},"end":{"line":38,"column":55}},"5":{"start":{"line":45,"column":4},"end":{"line":45,"column":71}},"6":{"start":{"line":58,"column":6},"end":{"line":58,"column":67}},"7":{"start":{"line":59,"column":6},"end":{"line":59,"column":62}},"8":{"start":{"line":60,"column":6},"end":{"line":60,"column":27}}},"branchMap":{"1":{"line":34,"type":"if","locations":[{"start":{"line":34,"column":4},"end":{"line":34,"column":4}},{"start":{"line":34,"column":4},"end":{"line":34,"column":4}}]},"2":{"line":45,"type":"if","locations":[{"start":{"line":45,"column":4},"end":{"line":45,"column":4}},{"start":{"line":45,"column":4},"end":{"line":45,"column":4}}]},"3":{"line":58,"type":"if","locations":[{"start":{"line":58,"column":6},"end":{"line":58,"column":6}},{"start":{"line":58,"column":6},"end":{"line":58,"column":6}}]},"4":{"line":59,"type":"if","locations":[{"start":{"line":59,"column":6},"end":{"line":59,"column":6}},{"start":{"line":59,"column":6},"end":{"line":59,"column":6}}]}}},"contracts/wrappers/IdleFulcrum.sol":{"l":{"32":35,"34":35,"35":35,"36":35,"43":7,"44":7,"56":17,"57":15,"58":15,"71":1,"93":11,"102":1,"111":1,"124":3,"125":3,"126":1,"129":2,"142":4,"143":4,"145":4,"146":4,"150":0},"path":"/home/bugman/Projects/idle-contracts/contracts/wrappers/IdleFulcrum.sol","s":{"1":35,"2":35,"3":35,"4":35,"5":7,"6":17,"7":15,"8":15,"9":1,"10":11,"11":1,"12":1,"13":3,"14":3,"15":1,"16":2,"17":4,"18":4,"19":4,"20":4,"21":0},"b":{"1":[35,0],"2":[7,0],"3":[15,2],"4":[15,0],"5":[1,2],"6":[2,2]},"f":{"1":35,"2":7,"3":17,"4":1,"5":11,"6":1,"7":1,"8":3,"9":4,"10":0},"fnMap":{"1":{"name":"constructor","line":31,"loc":{"start":{"line":31,"column":2},"end":{"line":31,"column":57}}},"2":{"name":"onlyIdle","line":42,"loc":{"start":{"line":42,"column":2},"end":{"line":42,"column":21}}},"3":{"name":"setIdleToken","line":55,"loc":{"start":{"line":55,"column":21},"end":{"line":55,"column":3}}},"4":{"name":"nextSupplyRate","line":68,"loc":{"start":{"line":68,"column":2},"end":{"line":70,"column":23}}},"5":{"name":"nextSupplyRateWithParams","line":82,"loc":{"start":{"line":82,"column":2},"end":{"line":84,"column":23}}},"6":{"name":"getPriceInToken","line":99,"loc":{"start":{"line":99,"column":2},"end":{"line":101,"column":23}}},"7":{"name":"getAPR","line":108,"loc":{"start":{"line":108,"column":2},"end":{"line":110,"column":23}}},"8":{"name":"mint","line":122,"loc":{"start":{"line":122,"column":20},"end":{"line":123,"column":31}}},"9":{"name":"redeem","line":140,"loc":{"start":{"line":140,"column":20},"end":{"line":141,"column":30}}},"10":{"name":"availableLiquidity","line":149,"loc":{"start":{"line":149,"column":2},"end":{"line":149,"column":63}}}},"statementMap":{"1":{"start":{"line":32,"column":4},"end":{"line":32,"column":85}},"2":{"start":{"line":34,"column":4},"end":{"line":34,"column":17}},"3":{"start":{"line":35,"column":4},"end":{"line":35,"column":27}},"4":{"start":{"line":36,"column":4},"end":{"line":36,"column":55}},"5":{"start":{"line":43,"column":4},"end":{"line":43,"column":71}},"6":{"start":{"line":56,"column":6},"end":{"line":56,"column":67}},"7":{"start":{"line":57,"column":6},"end":{"line":57,"column":62}},"8":{"start":{"line":58,"column":6},"end":{"line":58,"column":27}},"9":{"start":{"line":71,"column":6},"end":{"line":71,"column":65}},"10":{"start":{"line":93,"column":6},"end":{"line":93,"column":67}},"11":{"start":{"line":102,"column":6},"end":{"line":102,"column":46}},"12":{"start":{"line":111,"column":6},"end":{"line":111,"column":59}},"13":{"start":{"line":124,"column":6},"end":{"line":124,"column":67}},"14":{"start":{"line":125,"column":6},"end":{"line":125,"column":3803}},"15":{"start":{"line":126,"column":8},"end":{"line":126,"column":22}},"16":{"start":{"line":129,"column":6},"end":{"line":129,"column":61}},"17":{"start":{"line":142,"column":6},"end":{"line":142,"column":62}},"18":{"start":{"line":143,"column":6},"end":{"line":143,"column":89}},"19":{"start":{"line":145,"column":6},"end":{"line":145,"column":58}},"20":{"start":{"line":146,"column":6},"end":{"line":146,"column":73}},"21":{"start":{"line":150,"column":4},"end":{"line":150,"column":4680}}},"branchMap":{"1":{"line":32,"type":"if","locations":[{"start":{"line":32,"column":4},"end":{"line":32,"column":4}},{"start":{"line":32,"column":4},"end":{"line":32,"column":4}}]},"2":{"line":43,"type":"if","locations":[{"start":{"line":43,"column":4},"end":{"line":43,"column":4}},{"start":{"line":43,"column":4},"end":{"line":43,"column":4}}]},"3":{"line":56,"type":"if","locations":[{"start":{"line":56,"column":6},"end":{"line":56,"column":6}},{"start":{"line":56,"column":6},"end":{"line":56,"column":6}}]},"4":{"line":57,"type":"if","locations":[{"start":{"line":57,"column":6},"end":{"line":57,"column":6}},{"start":{"line":57,"column":6},"end":{"line":57,"column":6}}]},"5":{"line":125,"type":"if","locations":[{"start":{"line":125,"column":6},"end":{"line":125,"column":6}},{"start":{"line":125,"column":6},"end":{"line":125,"column":6}}]},"6":{"line":146,"type":"if","locations":[{"start":{"line":146,"column":6},"end":{"line":146,"column":6}},{"start":{"line":146,"column":6},"end":{"line":146,"column":6}}]}}},"contracts/wrappers/IdleFulcrumDisabled.sol":{"l":{"32":11,"34":11,"35":11,"36":11,"43":7,"44":7,"56":13,"57":11,"58":11,"71":1,"85":1,"94":1,"103":1,"116":3,"117":3,"118":1,"121":2,"134":4,"135":4,"137":4,"138":4,"142":0},"path":"/home/bugman/Projects/idle-contracts/contracts/wrappers/IdleFulcrumDisabled.sol","s":{"1":11,"2":11,"3":11,"4":11,"5":7,"6":13,"7":11,"8":11,"9":1,"10":1,"11":1,"12":1,"13":3,"14":3,"15":1,"16":2,"17":4,"18":4,"19":4,"20":4,"21":0},"b":{"1":[11,0],"2":[7,0],"3":[11,2],"4":[11,0],"5":[1,2],"6":[2,2]},"f":{"1":11,"2":7,"3":13,"4":1,"5":1,"6":1,"7":1,"8":3,"9":4,"10":0},"fnMap":{"1":{"name":"constructor","line":31,"loc":{"start":{"line":31,"column":2},"end":{"line":31,"column":57}}},"2":{"name":"onlyIdle","line":42,"loc":{"start":{"line":42,"column":2},"end":{"line":42,"column":21}}},"3":{"name":"setIdleToken","line":55,"loc":{"start":{"line":55,"column":21},"end":{"line":55,"column":3}}},"4":{"name":"nextSupplyRate","line":68,"loc":{"start":{"line":68,"column":2},"end":{"line":70,"column":23}}},"5":{"name":"nextSupplyRateWithParams","line":82,"loc":{"start":{"line":82,"column":2},"end":{"line":84,"column":23}}},"6":{"name":"getPriceInToken","line":91,"loc":{"start":{"line":91,"column":2},"end":{"line":93,"column":23}}},"7":{"name":"getAPR","line":100,"loc":{"start":{"line":100,"column":2},"end":{"line":102,"column":23}}},"8":{"name":"mint","line":114,"loc":{"start":{"line":114,"column":20},"end":{"line":115,"column":31}}},"9":{"name":"redeem","line":132,"loc":{"start":{"line":132,"column":20},"end":{"line":133,"column":30}}},"10":{"name":"availableLiquidity","line":141,"loc":{"start":{"line":141,"column":2},"end":{"line":141,"column":63}}}},"statementMap":{"1":{"start":{"line":32,"column":4},"end":{"line":32,"column":85}},"2":{"start":{"line":34,"column":4},"end":{"line":34,"column":17}},"3":{"start":{"line":35,"column":4},"end":{"line":35,"column":27}},"4":{"start":{"line":36,"column":4},"end":{"line":36,"column":55}},"5":{"start":{"line":43,"column":4},"end":{"line":43,"column":80}},"6":{"start":{"line":56,"column":6},"end":{"line":56,"column":67}},"7":{"start":{"line":57,"column":6},"end":{"line":57,"column":62}},"8":{"start":{"line":58,"column":6},"end":{"line":58,"column":27}},"9":{"start":{"line":71,"column":6},"end":{"line":71,"column":14}},"10":{"start":{"line":85,"column":6},"end":{"line":85,"column":14}},"11":{"start":{"line":94,"column":6},"end":{"line":94,"column":46}},"12":{"start":{"line":103,"column":6},"end":{"line":103,"column":14}},"13":{"start":{"line":116,"column":6},"end":{"line":116,"column":67}},"14":{"start":{"line":117,"column":6},"end":{"line":117,"column":3371}},"15":{"start":{"line":118,"column":8},"end":{"line":118,"column":22}},"16":{"start":{"line":121,"column":6},"end":{"line":121,"column":61}},"17":{"start":{"line":134,"column":6},"end":{"line":134,"column":62}},"18":{"start":{"line":135,"column":6},"end":{"line":135,"column":89}},"19":{"start":{"line":137,"column":6},"end":{"line":137,"column":58}},"20":{"start":{"line":138,"column":6},"end":{"line":138,"column":73}},"21":{"start":{"line":142,"column":4},"end":{"line":142,"column":4248}}},"branchMap":{"1":{"line":32,"type":"if","locations":[{"start":{"line":32,"column":4},"end":{"line":32,"column":4}},{"start":{"line":32,"column":4},"end":{"line":32,"column":4}}]},"2":{"line":43,"type":"if","locations":[{"start":{"line":43,"column":4},"end":{"line":43,"column":4}},{"start":{"line":43,"column":4},"end":{"line":43,"column":4}}]},"3":{"line":56,"type":"if","locations":[{"start":{"line":56,"column":6},"end":{"line":56,"column":6}},{"start":{"line":56,"column":6},"end":{"line":56,"column":6}}]},"4":{"line":57,"type":"if","locations":[{"start":{"line":57,"column":6},"end":{"line":57,"column":6}},{"start":{"line":57,"column":6},"end":{"line":57,"column":6}}]},"5":{"line":117,"type":"if","locations":[{"start":{"line":117,"column":6},"end":{"line":117,"column":6}},{"start":{"line":117,"column":6},"end":{"line":117,"column":6}}]},"6":{"line":138,"type":"if","locations":[{"start":{"line":138,"column":6},"end":{"line":138,"column":6}},{"start":{"line":138,"column":6},"end":{"line":138,"column":6}}]}}},"contracts/wrappers/IdleFulcrumV2.sol":{"l":{"32":11,"34":11,"35":11,"36":11,"43":7,"44":7,"56":13,"57":11,"58":11,"72":1,"85":1,"94":1,"103":1,"116":3,"117":3,"118":1,"121":2,"134":4,"135":4,"137":4,"138":4,"142":0},"path":"/home/bugman/Projects/idle-contracts/contracts/wrappers/IdleFulcrumV2.sol","s":{"1":11,"2":11,"3":11,"4":11,"5":7,"6":13,"7":11,"8":11,"9":1,"10":1,"11":1,"12":1,"13":3,"14":3,"15":1,"16":2,"17":4,"18":4,"19":4,"20":4,"21":0},"b":{"1":[11,0],"2":[7,0],"3":[11,2],"4":[11,0],"5":[1,2],"6":[2,2]},"f":{"1":11,"2":7,"3":13,"4":1,"5":1,"6":1,"7":1,"8":3,"9":4,"10":0},"fnMap":{"1":{"name":"constructor","line":31,"loc":{"start":{"line":31,"column":2},"end":{"line":31,"column":57}}},"2":{"name":"onlyIdle","line":42,"loc":{"start":{"line":42,"column":2},"end":{"line":42,"column":21}}},"3":{"name":"setIdleToken","line":55,"loc":{"start":{"line":55,"column":21},"end":{"line":55,"column":3}}},"4":{"name":"nextSupplyRate","line":69,"loc":{"start":{"line":69,"column":2},"end":{"line":71,"column":23}}},"5":{"name":"nextSupplyRateWithParams","line":82,"loc":{"start":{"line":82,"column":2},"end":{"line":84,"column":23}}},"6":{"name":"getPriceInToken","line":91,"loc":{"start":{"line":91,"column":2},"end":{"line":93,"column":23}}},"7":{"name":"getAPR","line":100,"loc":{"start":{"line":100,"column":2},"end":{"line":102,"column":23}}},"8":{"name":"mint","line":114,"loc":{"start":{"line":114,"column":20},"end":{"line":115,"column":31}}},"9":{"name":"redeem","line":132,"loc":{"start":{"line":132,"column":20},"end":{"line":133,"column":30}}},"10":{"name":"availableLiquidity","line":141,"loc":{"start":{"line":141,"column":2},"end":{"line":141,"column":63}}}},"statementMap":{"1":{"start":{"line":32,"column":4},"end":{"line":32,"column":85}},"2":{"start":{"line":34,"column":4},"end":{"line":34,"column":17}},"3":{"start":{"line":35,"column":4},"end":{"line":35,"column":27}},"4":{"start":{"line":36,"column":4},"end":{"line":36,"column":55}},"5":{"start":{"line":43,"column":4},"end":{"line":43,"column":71}},"6":{"start":{"line":56,"column":6},"end":{"line":56,"column":67}},"7":{"start":{"line":57,"column":6},"end":{"line":57,"column":62}},"8":{"start":{"line":58,"column":6},"end":{"line":58,"column":27}},"9":{"start":{"line":72,"column":6},"end":{"line":72,"column":65}},"10":{"start":{"line":85,"column":6},"end":{"line":85,"column":67}},"11":{"start":{"line":94,"column":6},"end":{"line":94,"column":46}},"12":{"start":{"line":103,"column":6},"end":{"line":103,"column":59}},"13":{"start":{"line":116,"column":6},"end":{"line":116,"column":67}},"14":{"start":{"line":117,"column":6},"end":{"line":117,"column":3537}},"15":{"start":{"line":118,"column":8},"end":{"line":118,"column":22}},"16":{"start":{"line":121,"column":6},"end":{"line":121,"column":61}},"17":{"start":{"line":134,"column":6},"end":{"line":134,"column":62}},"18":{"start":{"line":135,"column":6},"end":{"line":135,"column":89}},"19":{"start":{"line":137,"column":6},"end":{"line":137,"column":58}},"20":{"start":{"line":138,"column":6},"end":{"line":138,"column":73}},"21":{"start":{"line":142,"column":4},"end":{"line":142,"column":4414}}},"branchMap":{"1":{"line":32,"type":"if","locations":[{"start":{"line":32,"column":4},"end":{"line":32,"column":4}},{"start":{"line":32,"column":4},"end":{"line":32,"column":4}}]},"2":{"line":43,"type":"if","locations":[{"start":{"line":43,"column":4},"end":{"line":43,"column":4}},{"start":{"line":43,"column":4},"end":{"line":43,"column":4}}]},"3":{"line":56,"type":"if","locations":[{"start":{"line":56,"column":6},"end":{"line":56,"column":6}},{"start":{"line":56,"column":6},"end":{"line":56,"column":6}}]},"4":{"line":57,"type":"if","locations":[{"start":{"line":57,"column":6},"end":{"line":57,"column":6}},{"start":{"line":57,"column":6},"end":{"line":57,"column":6}}]},"5":{"line":117,"type":"if","locations":[{"start":{"line":117,"column":6},"end":{"line":117,"column":6}},{"start":{"line":117,"column":6},"end":{"line":117,"column":6}}]},"6":{"line":138,"type":"if","locations":[{"start":{"line":138,"column":6},"end":{"line":138,"column":6}},{"start":{"line":138,"column":6},"end":{"line":138,"column":6}}]}}},"contracts/wrappers/yxToken.sol":{"l":{"39":0,"41":0,"42":0,"43":0,"50":0,"51":0,"55":0,"59":0,"73":0,"74":0,"76":0,"79":0,"84":0,"85":0,"86":0,"87":0,"88":0,"89":0,"90":0,"91":0,"92":0,"94":0,"95":0,"97":0,"110":0,"113":0,"114":0,"115":0,"117":0,"122":0,"123":0,"125":0,"126":0,"127":0,"128":0,"129":0,"130":0,"131":0,"133":0,"134":0,"136":0},"path":"/home/bugman/Projects/idle-contracts/contracts/wrappers/yxToken.sol","s":{"1":0,"2":0,"3":0,"4":0,"5":0,"6":0,"7":0,"8":0,"9":0,"10":0,"11":0,"12":0,"13":0,"14":0,"15":0,"16":0,"17":0,"18":0,"19":0,"20":0,"21":0,"22":0,"23":0,"24":0,"25":0,"26":0,"27":0,"28":0,"29":0,"30":0,"31":0,"32":0,"33":0,"34":0,"35":0,"36":0,"37":0,"38":0,"39":0,"40":0,"41":0},"b":{"1":[0,0]},"f":{"1":0,"2":0,"3":0,"4":0,"5":0,"6":0,"7":0,"8":0},"fnMap":{"1":{"name":"constructor","line":38,"loc":{"start":{"line":38,"column":50},"end":{"line":38,"column":3}}},"2":{"name":"price","line":49,"loc":{"start":{"line":49,"column":2},"end":{"line":49,"column":48}}},"3":{"name":"availableLiquidity","line":54,"loc":{"start":{"line":54,"column":2},"end":{"line":54,"column":63}}},"4":{"name":"balanceInUnderlying","line":58,"loc":{"start":{"line":58,"column":2},"end":{"line":58,"column":75}}},"5":{"name":"mint","line":69,"loc":{"start":{"line":69,"column":2},"end":{"line":71,"column":33}}},"6":{"name":"_mintDyDx","line":82,"loc":{"start":{"line":82,"column":2},"end":{"line":83,"column":14}}},"7":{"name":"redeem","line":107,"loc":{"start":{"line":107,"column":2},"end":{"line":109,"column":30}}},"8":{"name":"_redeemDyDx","line":120,"loc":{"start":{"line":120,"column":2},"end":{"line":121,"column":14}}}},"statementMap":{"1":{"start":{"line":39,"column":4},"end":{"line":39,"column":56}},"2":{"start":{"line":41,"column":4},"end":{"line":41,"column":27}},"3":{"start":{"line":42,"column":4},"end":{"line":42,"column":23}},"4":{"start":{"line":43,"column":4},"end":{"line":43,"column":66}},"5":{"start":{"line":50,"column":4},"end":{"line":50,"column":66}},"6":{"start":{"line":51,"column":4},"end":{"line":51,"column":22}},"7":{"start":{"line":55,"column":4},"end":{"line":55,"column":62}},"8":{"start":{"line":59,"column":4},"end":{"line":59,"column":50}},"9":{"start":{"line":73,"column":6},"end":{"line":73,"column":49}},"10":{"start":{"line":74,"column":6},"end":{"line":74,"column":33}},"11":{"start":{"line":76,"column":6},"end":{"line":76,"column":76}},"12":{"start":{"line":79,"column":6},"end":{"line":79,"column":23}},"13":{"start":{"line":84,"column":6},"end":{"line":84,"column":41}},"14":{"start":{"line":85,"column":6},"end":{"line":85,"column":38}},"15":{"start":{"line":86,"column":6},"end":{"line":86,"column":102}},"16":{"start":{"line":87,"column":6},"end":{"line":87,"column":27}},"17":{"start":{"line":88,"column":6},"end":{"line":88,"column":40}},"18":{"start":{"line":89,"column":6},"end":{"line":89,"column":22}},"19":{"start":{"line":90,"column":6},"end":{"line":90,"column":21}},"20":{"start":{"line":91,"column":6},"end":{"line":91,"column":35}},"21":{"start":{"line":92,"column":6},"end":{"line":92,"column":37}},"22":{"start":{"line":94,"column":6},"end":{"line":94,"column":52}},"23":{"start":{"line":95,"column":6},"end":{"line":95,"column":18}},"24":{"start":{"line":97,"column":6},"end":{"line":97,"column":30}},"25":{"start":{"line":110,"column":6},"end":{"line":110,"column":50}},"26":{"start":{"line":113,"column":6},"end":{"line":113,"column":45}},"27":{"start":{"line":114,"column":6},"end":{"line":114,"column":50}},"28":{"start":{"line":115,"column":6},"end":{"line":115,"column":47}},"29":{"start":{"line":117,"column":6},"end":{"line":117,"column":31}},"30":{"start":{"line":122,"column":6},"end":{"line":122,"column":41}},"31":{"start":{"line":123,"column":6},"end":{"line":123,"column":38}},"32":{"start":{"line":125,"column":6},"end":{"line":125,"column":103}},"33":{"start":{"line":126,"column":6},"end":{"line":126,"column":27}},"34":{"start":{"line":127,"column":6},"end":{"line":127,"column":41}},"35":{"start":{"line":128,"column":6},"end":{"line":128,"column":22}},"36":{"start":{"line":129,"column":6},"end":{"line":129,"column":21}},"37":{"start":{"line":130,"column":6},"end":{"line":130,"column":35}},"38":{"start":{"line":131,"column":6},"end":{"line":131,"column":37}},"39":{"start":{"line":133,"column":6},"end":{"line":133,"column":52}},"40":{"start":{"line":134,"column":6},"end":{"line":134,"column":18}},"41":{"start":{"line":136,"column":6},"end":{"line":136,"column":30}}},"branchMap":{"1":{"line":39,"type":"if","locations":[{"start":{"line":39,"column":4},"end":{"line":39,"column":4}},{"start":{"line":39,"column":4},"end":{"line":39,"column":4}}]}}}}